[INFO] [1782648354.344005]: clear_scheduler: 等待 move_base action server...
[INFO] [1782648357.644608]: clear_scheduler: ✅ move_base action 已连接
[INFO] [1782648357.647357]: clear_scheduler: 已启动，每 4 次规划清一次
[INFO] [1782648374.273811]: clear_scheduler: 📊 plan #1/4
[INFO] [1782648374.769112]: clear_scheduler: 📊 plan #2/4
[INFO] [1782648375.268267]: clear_scheduler: 📊 plan #3/4
[INFO] [1782648375.768613]: clear_scheduler: 📊 plan #4/4
[INFO] [1782648375.771813]: clear_scheduler: 🔄 开始清空周期
[INFO] [1782648375.805657]: clear_scheduler: 🧹 clear_costmaps 已调用
[INFO] [1782648376.509595]: clear_scheduler: ⏳ costmap 恢复完成
[INFO] [1782648376.512927]: clear_scheduler: ✅ 清空周期结束，恢复规划
[INFO] [1782648376.516621]: clear_scheduler: 📊 plan #1/4
[INFO] [1782648376.569230]: clear_scheduler: 📊 plan #2/4
[INFO] [1782648377.069417]: clear_scheduler: 📊 plan #3/4
[INFO] [1782648377.570800]: clear_scheduler: 📊 plan #4/4
[INFO] [1782648377.573905]: clear_scheduler: 🔄 开始清空周期
[INFO] [1782648377.609033]: clear_scheduler: 🧹 clear_costmaps 已调用
[INFO] [1782648378.312783]: clear_scheduler: ⏳ costmap 恢复完成
[INFO] [1782648378.315890]: clear_scheduler: ✅ 清空周期结束，恢复规划
[INFO] [1782648378.319895]: clear_scheduler: 📊 plan #1/4
[INFO] [1782648378.370354]: clear_scheduler: 📊 plan #2/4
[INFO] [1782648378.867867]: clear_scheduler: 📊 plan #3/4
[INFO] [1782648379.370487]: clear_scheduler: 📊 plan #4/4
[INFO] [1782648379.373443]: clear_scheduler: 🔄 开始清空周期
[INFO] [1782648379.416129]: clear_scheduler: 🧹 clear_costmaps 已调用
[INFO] [1782648380.122039]: clear_scheduler: ⏳ costmap 恢复完成
[INFO] [1782648380.125831]: clear_scheduler: ✅ 清空周期结束，恢复规划
[INFO] [1782648380.131438]: clear_scheduler: 📊 plan #1/4
[INFO] [1782648380.167871]: clear_scheduler: 📊 plan #2/4
[INFO] [1782648380.668773]: clear_scheduler: 📊 plan #3/4
[INFO] [1782648381.169446]: clear_scheduler: 📊 plan #4/4
[INFO] [1782648381.172575]: clear_scheduler: 🔄 开始清空周期
[INFO] [1782648381.204762]: clear_scheduler: 🧹 clear_costmaps 已调用
[INFO] [1782648381.909213]: clear_scheduler: ⏳ costmap 恢复完成
[INFO] [1782648381.912499]: clear_scheduler: ✅ 清空周期结束，恢复规划
[INFO] [1782648381.917055]: clear_scheduler: 📊 plan #1/4
[INFO] [1782648381.966735]: clear_scheduler: 📊 plan #2/4
[INFO] [1782648382.466728]: clear_scheduler: 📊 plan #3/4
[INFO] [1782648382.970252]: clear_scheduler: 📊 plan #4/4
[INFO] [1782648382.973464]: clear_scheduler: 🔄 开始清空周期
[INFO] [1782648383.010254]: clear_scheduler: 🧹 clear_costmaps 已调用
[INFO] [1782648383.713960]: clear_scheduler: ⏳ costmap 恢复完成
[INFO] [1782648383.717156]: clear_scheduler: ✅ 清空周期结束，恢复规划
[INFO] [1782648383.720673]: clear_scheduler: 📊 plan #1/4
[INFO] [1782648383.767502]: clear_scheduler: 📊 plan #2/4
[INFO] [1782648384.266445]: clear_scheduler: 📊 plan #3/4
[INFO] [1782648384.769231]: clear_scheduler: 📊 plan #4/4
[INFO] [1782648384.772193]: clear_scheduler: 🔄 开始清空周期
[INFO] [1782648384.801501]: clear_scheduler: 🧹 clear_costmaps 已调用
[INFO] [1782648385.504928]: clear_scheduler: ⏳ costmap 恢复完成
[INFO] [1782648385.509396]: clear_scheduler: ✅ 清空周期结束，恢复规划
[INFO] [1782648385.513345]: clear_scheduler: 📊 plan #1/4
[INFO] [1782648385.566697]: clear_scheduler: 📊 plan #2/4
[INFO] [1782648386.066171]: clear_scheduler: 📊 plan #3/4
[INFO] [1782648386.566350]: clear_scheduler: 📊 plan #4/4
[INFO] [1782648386.569139]: clear_scheduler: 🔄 开始清空周期
[INFO] [1782648386.601007]: clear_scheduler: 🧹 clear_costmaps 已调用
[INFO] [1782648387.304056]: clear_scheduler: ⏳ costmap 恢复完成
[INFO] [1782648387.307474]: clear_scheduler: ✅ 清空周期结束，恢复规划
[INFO] [1782648387.312494]: clear_scheduler: 📊 plan #1/4
[INFO] [1782648387.365961]: clear_scheduler: 📊 plan #2/4
[INFO] [1782648387.866497]: clear_scheduler: 📊 plan #3/4
[INFO] [1782648388.366784]: clear_scheduler: 📊 plan #4/4
[INFO] [1782648388.370344]: clear_scheduler: 🔄 开始清空周期
[INFO] [1782648388.400510]: clear_scheduler: 🧹 clear_costmaps 已调用
[INFO] [1782648389.103848]: clear_scheduler: ⏳ costmap 恢复完成
[INFO] [1782648389.108255]: clear_scheduler: ✅ 清空周期结束，恢复规划
[INFO] [1782648389.112973]: clear_scheduler: 📊 plan #1/4
[INFO] [1782648389.165605]: clear_scheduler: 📊 plan #2/4
[INFO] [1782648389.666003]: clear_scheduler: 📊 plan #3/4
[INFO] [1782648390.166436]: clear_scheduler: 📊 plan #4/4
[INFO] [1782648390.170023]: clear_scheduler: 🔄 开始清空周期
[INFO] [1782648390.198993]: clear_scheduler: 🧹 clear_costmaps 已调用
[INFO] [1782648390.902556]: clear_scheduler: ⏳ costmap 恢复完成
[INFO] [1782648390.905670]: clear_scheduler: ✅ 清空周期结束，恢复规划
[INFO] [1782648390.909469]: clear_scheduler: 📊 plan #1/4
[INFO] [1782648390.965702]: clear_scheduler: 📊 plan #2/4
[INFO] [1782648391.465855]: clear_scheduler: 📊 plan #3/4
[INFO] [1782648391.966295]: clear_scheduler: 📊 plan #4/4
[INFO] [1782648391.969513]: clear_scheduler: 🔄 开始清空周期
[INFO] [1782648392.011407]: clear_scheduler: 🧹 clear_costmaps 已调用
[INFO] [1782648392.715848]: clear_scheduler: ⏳ costmap 恢复完成
[INFO] [1782648392.719939]: clear_scheduler: ✅ 清空周期结束，恢复规划
[INFO] [1782648392.724624]: clear_scheduler: 📊 plan #1/4
[INFO] [1782648392.765595]: clear_scheduler: 📊 plan #2/4
[INFO] [1782648393.266118]: clear_scheduler: 📊 plan #3/4
[INFO] [1782648393.771395]: clear_scheduler: 📊 plan #4/4
[INFO] [1782648393.774130]: clear_scheduler: 🔄 开始清空周期
[INFO] [1782648393.805382]: clear_scheduler: 🧹 clear_costmaps 已调用
[INFO] [1782648394.510174]: clear_scheduler: ⏳ costmap 恢复完成
[INFO] [1782648394.514080]: clear_scheduler: ✅ 清空周期结束，恢复规划
[INFO] [1782648394.519133]: clear_scheduler: 📊 plan #1/4
[INFO] [1782648394.565101]: clear_scheduler: 📊 plan #2/4
[INFO] [1782648395.066433]: clear_scheduler: 📊 plan #3/4
[INFO] [1782648395.566595]: clear_scheduler: 📊 plan #4/4
[INFO] [1782648395.569521]: clear_scheduler: 🔄 开始清空周期
[INFO] [1782648395.601026]: clear_scheduler: 🧹 clear_costmaps 已调用
[INFO] [1782648396.304881]: clear_scheduler: ⏳ costmap 恢复完成
[INFO] [1782648396.308077]: clear_scheduler: ✅ 清空周期结束，恢复规划
[INFO] [1782648396.311467]: clear_scheduler: 📊 plan #1/4
[INFO] [1782648396.366062]: clear_scheduler: 📊 plan #2/4
[INFO] [1782648396.866549]: clear_scheduler: 📊 plan #3/4
[INFO] [1782648397.366064]: clear_scheduler: 📊 plan #4/4
[INFO] [1782648397.370089]: clear_scheduler: 🔄 开始清空周期
[INFO] [1782648397.404832]: clear_scheduler: 🧹 clear_costmaps 已调用
[INFO] [1782648398.109816]: clear_scheduler: ⏳ costmap 恢复完成
[INFO] [1782648398.113096]: clear_scheduler: ✅ 清空周期结束，恢复规划
[INFO] [1782648398.116240]: clear_scheduler: 📊 plan #1/4
[INFO] [1782648398.168696]: clear_scheduler: 📊 plan #2/4
[INFO] [1782648398.666373]: clear_scheduler: 📊 plan #3/4
[INFO] [1782648399.166011]: clear_scheduler: 📊 plan #4/4
[INFO] [1782648399.168894]: clear_scheduler: 🔄 开始清空周期
[INFO] [1782648399.206537]: clear_scheduler: 🧹 clear_costmaps 已调用
[INFO] [1782648399.910037]: clear_scheduler: ⏳ costmap 恢复完成
[INFO] [1782648399.913681]: clear_scheduler: ✅ 清空周期结束，恢复规划
[INFO] [1782648399.918020]: clear_scheduler: 📊 plan #1/4
[INFO] [1782648399.964905]: clear_scheduler: 📊 plan #2/4
[INFO] [1782648400.465204]: clear_scheduler: 📊 plan #3/4
[INFO] [1782648400.965609]: clear_scheduler: 📊 plan #4/4
[INFO] [1782648400.969505]: clear_scheduler: 🔄 开始清空周期
[INFO] [1782648401.012145]: clear_scheduler: 🧹 clear_costmaps 已调用
[INFO] [1782648401.715631]: clear_scheduler: ⏳ costmap 恢复完成
[INFO] [1782648401.719665]: clear_scheduler: ✅ 清空周期结束，恢复规划
[INFO] [1782648401.723865]: clear_scheduler: 📊 plan #1/4
[INFO] [1782648401.764066]: clear_scheduler: 📊 plan #2/4
[INFO] [1782648402.264143]: clear_scheduler: 📊 plan #3/4
[INFO] [1782648402.764773]: clear_scheduler: 📊 plan #4/4
[INFO] [1782648402.767490]: clear_scheduler: 🔄 开始清空周期
[INFO] [1782648402.805302]: clear_scheduler: 🧹 clear_costmaps 已调用
[INFO] [1782648403.509009]: clear_scheduler: ⏳ costmap 恢复完成
[INFO] [1782648403.512529]: clear_scheduler: ✅ 清空周期结束，恢复规划
[INFO] [1782648403.516437]: clear_scheduler: 📊 plan #1/4
[INFO] [1782648403.563561]: clear_scheduler: 📊 plan #2/4
[INFO] [1782648404.064202]: clear_scheduler: 📊 plan #3/4
[INFO] [1782648404.565543]: clear_scheduler: 📊 plan #4/4
[INFO] [1782648404.569696]: clear_scheduler: 🔄 开始清空周期
[INFO] [1782648404.599448]: clear_scheduler: 🧹 clear_costmaps 已调用
[INFO] [1782648405.303328]: clear_scheduler: ⏳ costmap 恢复完成
[INFO] [1782648405.306784]: clear_scheduler: ✅ 清空周期结束，恢复规划
[INFO] [1782648405.313249]: clear_scheduler: 📊 plan #1/4
[INFO] [1782648405.363843]: clear_scheduler: 📊 plan #2/4
[INFO] [1782648405.863355]: clear_scheduler: 📊 plan #3/4
[INFO] [1782648406.365855]: clear_scheduler: 📊 plan #4/4
[INFO] [1782648406.368467]: clear_scheduler: 🔄 开始清空周期
[INFO] [1782648406.406172]: clear_scheduler: 🧹 clear_costmaps 已调用
[INFO] [1782648407.109871]: clear_scheduler: ⏳ costmap 恢复完成
[INFO] [1782648407.113419]: clear_scheduler: ✅ 清空周期结束，恢复规划
[INFO] [1782648407.117855]: clear_scheduler: 📊 plan #1/4
[INFO] [1782648407.163667]: clear_scheduler: 📊 plan #2/4
[INFO] [1782648407.663177]: clear_scheduler: 📊 plan #3/4
[INFO] [1782648408.165749]: clear_scheduler: 📊 plan #4/4
[INFO] [1782648408.168797]: clear_scheduler: 🔄 开始清空周期
[INFO] [1782648408.208200]: clear_scheduler: 🧹 clear_costmaps 已调用
[INFO] [1782648408.911942]: clear_scheduler: ⏳ costmap 恢复完成
[INFO] [1782648408.917116]: clear_scheduler: ✅ 清空周期结束，恢复规划
[INFO] [1782648408.921592]: clear_scheduler: 📊 plan #1/4
[INFO] [1782648408.962689]: clear_scheduler: 📊 plan #2/4
[INFO] [1782648409.462660]: clear_scheduler: 📊 plan #3/4
[INFO] [1782648409.962357]: clear_scheduler: 📊 plan #4/4
[INFO] [1782648409.965357]: clear_scheduler: 🔄 开始清空周期
[INFO] [1782648409.998608]: clear_scheduler: 🧹 clear_costmaps 已调用
[INFO] [1782648410.702012]: clear_scheduler: ⏳ costmap 恢复完成
[INFO] [1782648410.705230]: clear_scheduler: ✅ 清空周期结束，恢复规划
[INFO] [1782648410.710203]: clear_scheduler: 📊 plan #1/4
[INFO] [1782648410.762924]: clear_scheduler: 📊 plan #2/4
[INFO] [1782648411.262110]: clear_scheduler: 📊 plan #3/4
[INFO] [1782648411.764104]: clear_scheduler: 📊 plan #4/4
[INFO] [1782648411.767980]: clear_scheduler: 🔄 开始清空周期
[INFO] [1782648411.801164]: clear_scheduler: 🧹 clear_costmaps 已调用
[INFO] [1782648412.504823]: clear_scheduler: ⏳ costmap 恢复完成
[INFO] [1782648412.509282]: clear_scheduler: ✅ 清空周期结束，恢复规划
[INFO] [1782648412.513468]: clear_scheduler: 📊 plan #1/4
[INFO] [1782648412.563287]: clear_scheduler: 📊 plan #2/4
[INFO] [1782648413.062645]: clear_scheduler: 📊 plan #3/4
[INFO] [1782648413.562213]: clear_scheduler: 📊 plan #4/4
[INFO] [1782648413.565495]: clear_scheduler: 🔄 开始清空周期
[INFO] [1782648413.598233]: clear_scheduler: 🧹 clear_costmaps 已调用
[INFO] [1782648414.301847]: clear_scheduler: ⏳ costmap 恢复完成
[INFO] [1782648414.305088]: clear_scheduler: ✅ 清空周期结束，恢复规划
[INFO] [1782648414.308543]: clear_scheduler: 📊 plan #1/4
[INFO] [1782648414.361411]: clear_scheduler: 📊 plan #2/4
[INFO] [1782648414.861905]: clear_scheduler: 📊 plan #3/4
[INFO] [1782648415.364945]: clear_scheduler: 📊 plan #4/4
[INFO] [1782648415.368608]: clear_scheduler: 🔄 开始清空周期
[INFO] [1782648415.414422]: clear_scheduler: 🧹 clear_costmaps 已调用
[INFO] [1782648416.120795]: clear_scheduler: ⏳ costmap 恢复完成
[INFO] [1782648416.123930]: clear_scheduler: ✅ 清空周期结束，恢复规划
[INFO] [1782648416.130317]: clear_scheduler: 📊 plan #1/4
[INFO] [1782648416.163266]: clear_scheduler: 📊 plan #2/4
[INFO] [1782648416.661352]: clear_scheduler: 📊 plan #3/4
[INFO] [1782648417.161245]: clear_scheduler: 📊 plan #4/4
[INFO] [1782648417.164081]: clear_scheduler: 🔄 开始清空周期
[INFO] [1782648417.197288]: clear_scheduler: 🧹 clear_costmaps 已调用
[INFO] [1782648417.901863]: clear_scheduler: ⏳ costmap 恢复完成
[INFO] [1782648417.905434]: clear_scheduler: ✅ 清空周期结束，恢复规划
[INFO] [1782648417.917002]: clear_scheduler: 📊 plan #1/4
[INFO] [1782648417.961585]: clear_scheduler: 📊 plan #2/4
[INFO] [1782648418.461162]: clear_scheduler: 📊 plan #3/4
[INFO] [1782648418.962465]: clear_scheduler: 📊 plan #4/4
[INFO] [1782648418.965330]: clear_scheduler: 🔄 开始清空周期
[INFO] [1782648419.008674]: clear_scheduler: 🧹 clear_costmaps 已调用
[INFO] [1782648419.712431]: clear_scheduler: ⏳ costmap 恢复完成
[INFO] [1782648419.716194]: clear_scheduler: ✅ 清空周期结束，恢复规划
[INFO] [1782648419.719944]: clear_scheduler: 📊 plan #1/4
[INFO] [1782648419.761137]: clear_scheduler: 📊 plan #2/4
[INFO] [1782648420.262229]: clear_scheduler: 📊 plan #3/4
[INFO] [1782648420.765832]: clear_scheduler: 📊 plan #4/4
[INFO] [1782648420.769327]: clear_scheduler: 🔄 开始清空周期
[INFO] [1782648420.831050]: clear_scheduler: 🧹 clear_costmaps 已调用
[INFO] [1782648421.535368]: clear_scheduler: ⏳ costmap 恢复完成
[INFO] [1782648421.539083]: clear_scheduler: ✅ 清空周期结束，恢复规划
[INFO] [1782648421.542573]: clear_scheduler: 📊 plan #1/4
[INFO] [1782648421.560519]: clear_scheduler: 📊 plan #2/4
[INFO] [1782648422.060711]: clear_scheduler: 📊 plan #3/4
[INFO] [1782648422.561119]: clear_scheduler: 📊 plan #4/4
[INFO] [1782648422.564654]: clear_scheduler: 🔄 开始清空周期
[INFO] [1782648422.593996]: clear_scheduler: 🧹 clear_costmaps 已调用
[INFO] [1782648423.297180]: clear_scheduler: ⏳ costmap 恢复完成
[INFO] [1782648423.300385]: clear_scheduler: ✅ 清空周期结束，恢复规划
[INFO] [1782648423.303297]: clear_scheduler: 📊 plan #1/4
[INFO] [1782648423.361668]: clear_scheduler: 📊 plan #2/4
[INFO] [1782648423.860063]: clear_scheduler: 📊 plan #3/4
[INFO] [1782648424.360188]: clear_scheduler: 📊 plan #4/4
[INFO] [1782648424.363165]: clear_scheduler: 🔄 开始清空周期
[INFO] [1782648424.400500]: clear_scheduler: 🧹 clear_costmaps 已调用
[INFO] [1782648425.104692]: clear_scheduler: ⏳ costmap 恢复完成
[INFO] [1782648425.108184]: clear_scheduler: ✅ 清空周期结束，恢复规划
[INFO] [1782648425.113216]: clear_scheduler: 📊 plan #1/4
[INFO] [1782648425.160439]: clear_scheduler: 📊 plan #2/4
[INFO] [1782648425.660100]: clear_scheduler: 📊 plan #3/4
[INFO] [1782648426.160311]: clear_scheduler: 📊 plan #4/4
[INFO] [1782648426.163688]: clear_scheduler: 🔄 开始清空周期
[INFO] [1782648426.206474]: clear_scheduler: 🧹 clear_costmaps 已调用
[INFO] [1782648426.911115]: clear_scheduler: ⏳ costmap 恢复完成
[INFO] [1782648426.914793]: clear_scheduler: ✅ 清空周期结束，恢复规划
[INFO] [1782648426.918905]: clear_scheduler: 📊 plan #1/4
[INFO] [1782648426.959579]: clear_scheduler: 📊 plan #2/4
[INFO] [1782648427.459357]: clear_scheduler: 📊 plan #3/4
[INFO] [1782648427.960355]: clear_scheduler: 📊 plan #4/4
[INFO] [1782648427.964256]: clear_scheduler: 🔄 开始清空周期
[INFO] [1782648427.999015]: clear_scheduler: 🧹 clear_costmaps 已调用
[INFO] [1782648428.702072]: clear_scheduler: ⏳ costmap 恢复完成
[INFO] [1782648428.705530]: clear_scheduler: ✅ 清空周期结束，恢复规划
[INFO] [1782648428.710331]: clear_scheduler: 📊 plan #1/4
[INFO] [1782648428.759070]: clear_scheduler: 📊 plan #2/4
[INFO] [1782648429.258981]: clear_scheduler: 📊 plan #3/4
[INFO] [1782648429.759614]: clear_scheduler: 📊 plan #4/4
[INFO] [1782648429.764883]: clear_scheduler: 🔄 开始清空周期
[INFO] [1782648429.802691]: clear_scheduler: 🧹 clear_costmaps 已调用
[INFO] [1782648430.506757]: clear_scheduler: ⏳ costmap 恢复完成
[INFO] [1782648430.510592]: clear_scheduler: ✅ 清空周期结束，恢复规划
[INFO] [1782648430.513586]: clear_scheduler: 📊 plan #1/4
[INFO] [1782648430.560431]: clear_scheduler: 📊 plan #2/4
[INFO] [1782648431.058914]: clear_scheduler: 📊 plan #3/4
[INFO] [1782648431.559623]: clear_scheduler: 📊 plan #4/4
[INFO] [1782648431.562841]: clear_scheduler: 🔄 开始清空周期
[INFO] [1782648431.594716]: clear_scheduler: 🧹 clear_costmaps 已调用
[INFO] [1782648432.298524]: clear_scheduler: ⏳ costmap 恢复完成
[INFO] [1782648432.301708]: clear_scheduler: ✅ 清空周期结束，恢复规划
[INFO] [1782648432.304740]: clear_scheduler: 📊 plan #1/4
[INFO] [1782648432.359778]: clear_scheduler: 📊 plan #2/4
[INFO] [1782648432.858820]: clear_scheduler: 📊 plan #3/4
[INFO] [1782648433.360171]: clear_scheduler: 📊 plan #4/4
[INFO] [1782648433.363006]: clear_scheduler: 🔄 开始清空周期
[INFO] [1782648433.399729]: clear_scheduler: 🧹 clear_costmaps 已调用
[INFO] [1782648434.103185]: clear_scheduler: ⏳ costmap 恢复完成
[INFO] [1782648434.106436]: clear_scheduler: ✅ 清空周期结束，恢复规划
[INFO] [1782648434.109668]: clear_scheduler: 📊 plan #1/4
[INFO] [1782648434.158738]: clear_scheduler: 📊 plan #2/4
[INFO] [1782648434.659675]: clear_scheduler: 📊 plan #3/4
[INFO] [1782648435.160581]: clear_scheduler: 📊 plan #4/4
[INFO] [1782648435.165922]: clear_scheduler: 🔄 开始清空周期
[INFO] [1782648435.211280]: clear_scheduler: 🧹 clear_costmaps 已调用
[INFO] [1782648435.915500]: clear_scheduler: ⏳ costmap 恢复完成
[INFO] [1782648435.919266]: clear_scheduler: ✅ 清空周期结束，恢复规划
[INFO] [1782648435.922266]: clear_scheduler: 📊 plan #1/4
[INFO] [1782648435.958802]: clear_scheduler: 📊 plan #2/4
[INFO] [1782648436.459295]: clear_scheduler: 📊 plan #3/4
[INFO] [1782648436.959828]: clear_scheduler: 📊 plan #4/4
[INFO] [1782648436.966212]: clear_scheduler: 🔄 开始清空周期
[INFO] [1782648437.011285]: clear_scheduler: 🧹 clear_costmaps 已调用
[INFO] [1782648437.715833]: clear_scheduler: ⏳ costmap 恢复完成
[INFO] [1782648437.718889]: clear_scheduler: ✅ 清空周期结束，恢复规划
[INFO] [1782648437.723112]: clear_scheduler: 📊 plan #1/4
[INFO] [1782648437.759130]: clear_scheduler: 📊 plan #2/4
[INFO] [1782648438.259133]: clear_scheduler: 📊 plan #3/4
[INFO] [1782648438.759376]: clear_scheduler: 📊 plan #4/4
[INFO] [1782648438.762178]: clear_scheduler: 🔄 开始清空周期
[INFO] [1782648438.796799]: clear_scheduler: 🧹 clear_costmaps 已调用
[INFO] [1782648439.502735]: clear_scheduler: ⏳ costmap 恢复完成
[INFO] [1782648439.505860]: clear_scheduler: ✅ 清空周期结束，恢复规划
[INFO] [1782648439.509696]: clear_scheduler: 📊 plan #1/4
[INFO] [1782648439.559507]: clear_scheduler: 📊 plan #2/4
[INFO] [1782648439.659105]: clear_scheduler: 📊 plan #1/4
[INFO] [1782648440.158488]: clear_scheduler: 📊 plan #2/4
[INFO] [1782648440.657902]: clear_scheduler: 📊 plan #3/4
[INFO] [1782648441.158203]: clear_scheduler: 📊 plan #4/4
[INFO] [1782648441.162210]: clear_scheduler: 🔄 开始清空周期
[INFO] [1782648441.202330]: clear_scheduler: 🧹 clear_costmaps 已调用
[INFO] [1782648441.907299]: clear_scheduler: ⏳ costmap 恢复完成
[INFO] [1782648441.910088]: clear_scheduler: ✅ 清空周期结束，恢复规划
[INFO] [1782648441.913754]: clear_scheduler: 📊 plan #1/4
[INFO] [1782648441.957766]: clear_scheduler: 📊 plan #2/4
[INFO] [1782648442.457666]: clear_scheduler: 📊 plan #3/4
[INFO] [1782648442.957787]: clear_scheduler: 📊 plan #4/4
[INFO] [1782648442.960904]: clear_scheduler: 🔄 开始清空周期
[INFO] [1782648442.991546]: clear_scheduler: 🧹 clear_costmaps 已调用
[INFO] [1782648443.695481]: clear_scheduler: ⏳ costmap 恢复完成
[INFO] [1782648443.699626]: clear_scheduler: ✅ 清空周期结束，恢复规划
[INFO] [1782648443.703220]: clear_scheduler: 📊 plan #1/4
[INFO] [1782648443.757518]: clear_scheduler: 📊 plan #2/4
[INFO] [1782648444.257579]: clear_scheduler: 📊 plan #3/4
[INFO] [1782648444.757772]: clear_scheduler: 📊 plan #4/4
[INFO] [1782648444.761412]: clear_scheduler: 🔄 开始清空周期
[INFO] [1782648444.802878]: clear_scheduler: 🧹 clear_costmaps 已调用
[INFO] [1782648445.506818]: clear_scheduler: ⏳ costmap 恢复完成
[INFO] [1782648445.509855]: clear_scheduler: ✅ 清空周期结束，恢复规划
[INFO] [1782648445.514039]: clear_scheduler: 📊 plan #1/4
[INFO] [1782648445.557550]: clear_scheduler: 📊 plan #2/4
[INFO] [1782648446.057650]: clear_scheduler: 📊 plan #3/4
[INFO] [1782648446.558165]: clear_scheduler: 📊 plan #4/4
[INFO] [1782648446.561807]: clear_scheduler: 🔄 开始清空周期
[INFO] [1782648446.596406]: clear_scheduler: 🧹 clear_costmaps 已调用
[INFO] [1782648447.299869]: clear_scheduler: ⏳ costmap 恢复完成
[INFO] [1782648447.303471]: clear_scheduler: ✅ 清空周期结束，恢复规划
[INFO] [1782648447.306011]: clear_scheduler: 📊 plan #1/4
[INFO] [1782648447.357654]: clear_scheduler: 📊 plan #2/4
[INFO] [1782648447.857729]: clear_scheduler: 📊 plan #3/4
[INFO] [1782648448.357677]: clear_scheduler: 📊 plan #4/4
[INFO] [1782648448.360526]: clear_scheduler: 🔄 开始清空周期
[INFO] [1782648448.400140]: clear_scheduler: 🧹 clear_costmaps 已调用
[INFO] [1782648449.104042]: clear_scheduler: ⏳ costmap 恢复完成
[INFO] [1782648449.107608]: clear_scheduler: ✅ 清空周期结束，恢复规划
[INFO] [1782648449.110990]: clear_scheduler: 📊 plan #1/4
[INFO] [1782648449.159056]: clear_scheduler: 📊 plan #2/4
[INFO] [1782648449.657696]: clear_scheduler: 📊 plan #3/4
[INFO] [1782648450.157835]: clear_scheduler: 📊 plan #4/4
[INFO] [1782648450.161061]: clear_scheduler: 🔄 开始清空周期
[INFO] [1782648450.194676]: clear_scheduler: 🧹 clear_costmaps 已调用
[INFO] [1782648450.899412]: clear_scheduler: ⏳ costmap 恢复完成
[INFO] [1782648450.902756]: clear_scheduler: ✅ 清空周期结束，恢复规划
[INFO] [1782648450.906789]: clear_scheduler: 📊 plan #1/4
[INFO] [1782648450.958069]: clear_scheduler: 📊 plan #2/4
[INFO] [1782648451.457686]: clear_scheduler: 📊 plan #3/4
[INFO] [1782648451.958344]: clear_scheduler: 📊 plan #4/4
[INFO] [1782648451.962645]: clear_scheduler: 🔄 开始清空周期
[INFO] [1782648452.005034]: clear_scheduler: 🧹 clear_costmaps 已调用
[INFO] [1782648452.709918]: clear_scheduler: ⏳ costmap 恢复完成
[INFO] [1782648452.714749]: clear_scheduler: ✅ 清空周期结束，恢复规划
[INFO] [1782648452.718275]: clear_scheduler: 📊 plan #1/4
[INFO] [1782648452.757634]: clear_scheduler: 📊 plan #2/4
[INFO] [1782648453.257682]: clear_scheduler: 📊 plan #3/4
[INFO] [1782648453.757666]: clear_scheduler: 📊 plan #4/4
[INFO] [1782648453.762211]: clear_scheduler: 🔄 开始清空周期
[INFO] [1782648453.793072]: clear_scheduler: 🧹 clear_costmaps 已调用
[INFO] [1782648454.496829]: clear_scheduler: ⏳ costmap 恢复完成
[INFO] [1782648454.500502]: clear_scheduler: ✅ 清空周期结束，恢复规划
[INFO] [1782648454.502865]: clear_scheduler: 📊 plan #1/4
[INFO] [1782648454.557472]: clear_scheduler: 📊 plan #2/4
[INFO] [1782648455.057925]: clear_scheduler: 📊 plan #3/4
[INFO] [1782648455.558062]: clear_scheduler: 📊 plan #4/4
[INFO] [1782648455.560748]: clear_scheduler: 🔄 开始清空周期
[INFO] [1782648455.600032]: clear_scheduler: 🧹 clear_costmaps 已调用
[INFO] [1782648456.303163]: clear_scheduler: ⏳ costmap 恢复完成
[INFO] [1782648456.306556]: clear_scheduler: ✅ 清空周期结束，恢复规划
[INFO] [1782648456.311959]: clear_scheduler: 📊 plan #1/4
[INFO] [1782648456.357321]: clear_scheduler: 📊 plan #2/4
[INFO] [1782648456.857351]: clear_scheduler: 📊 plan #3/4
[INFO] [1782648457.357613]: clear_scheduler: 📊 plan #4/4
[INFO] [1782648457.360453]: clear_scheduler: 🔄 开始清空周期
[INFO] [1782648457.393283]: clear_scheduler: 🧹 clear_costmaps 已调用
[INFO] [1782648458.096804]: clear_scheduler: ⏳ costmap 恢复完成
[INFO] [1782648458.102015]: clear_scheduler: ✅ 清空周期结束，恢复规划
[INFO] [1782648458.105231]: clear_scheduler: 📊 plan #1/4
[INFO] [1782648458.157229]: clear_scheduler: 📊 plan #2/4
[INFO] [1782648458.658348]: clear_scheduler: 📊 plan #3/4
[INFO] [1782648459.157647]: clear_scheduler: 📊 plan #1/4
[INFO] [1782648459.658108]: clear_scheduler: 📊 plan #2/4
[INFO] [1782648460.158032]: clear_scheduler: 📊 plan #3/4
[INFO] [1782648460.658786]: clear_scheduler: 📊 plan #4/4
[INFO] [1782648460.665038]: clear_scheduler: 🔄 开始清空周期
[INFO] [1782648460.708943]: clear_scheduler: 🧹 clear_costmaps 已调用
[INFO] [1782648461.412291]: clear_scheduler: ⏳ costmap 恢复完成
[INFO] [1782648461.415109]: clear_scheduler: ✅ 清空周期结束，恢复规划
[INFO] [1782648461.418096]: clear_scheduler: 📊 plan #1/4
[INFO] [1782648461.457545]: clear_scheduler: 📊 plan #2/4
[INFO] [1782648461.958169]: clear_scheduler: 📊 plan #3/4
[INFO] [1782648462.458107]: clear_scheduler: 📊 plan #4/4
[INFO] [1782648462.460893]: clear_scheduler: 🔄 开始清空周期
[INFO] [1782648462.499310]: clear_scheduler: 🧹 clear_costmaps 已调用
[INFO] [1782648463.203235]: clear_scheduler: ⏳ costmap 恢复完成
[INFO] [1782648463.206234]: clear_scheduler: ✅ 清空周期结束，恢复规划
[INFO] [1782648463.211137]: clear_scheduler: 📊 plan #1/4
[INFO] [1782648463.257701]: clear_scheduler: 📊 plan #2/4
[INFO] [1782648463.757993]: clear_scheduler: 📊 plan #3/4
[INFO] [1782648464.258732]: clear_scheduler: 📊 plan #4/4
[INFO] [1782648464.264579]: clear_scheduler: 🔄 开始清空周期
[INFO] [1782648464.299448]: clear_scheduler: 🧹 clear_costmaps 已调用
[INFO] [1782648465.002964]: clear_scheduler: ⏳ costmap 恢复完成
[INFO] [1782648465.006475]: clear_scheduler: ✅ 清空周期结束，恢复规划
[INFO] [1782648465.008955]: clear_scheduler: 📊 plan #1/4
[INFO] [1782648465.057623]: clear_scheduler: 📊 plan #2/4
[INFO] [1782648465.558414]: clear_scheduler: 📊 plan #3/4
[INFO] [1782648466.057835]: clear_scheduler: 📊 plan #4/4
[INFO] [1782648466.061014]: clear_scheduler: 🔄 开始清空周期
[INFO] [1782648466.100191]: clear_scheduler: 🧹 clear_costmaps 已调用
[INFO] [1782648466.805908]: clear_scheduler: ⏳ costmap 恢复完成
[INFO] [1782648466.809044]: clear_scheduler: ✅ 清空周期结束，恢复规划
[INFO] [1782648466.812465]: clear_scheduler: 📊 plan #1/4
[INFO] [1782648466.857553]: clear_scheduler: 📊 plan #2/4
[INFO] [1782648467.358006]: clear_scheduler: 📊 plan #3/4
[INFO] [1782648467.857957]: clear_scheduler: 📊 plan #4/4
[INFO] [1782648467.860620]: clear_scheduler: 🔄 开始清空周期
[INFO] [1782648467.890162]: clear_scheduler: 🧹 clear_costmaps 已调用
[INFO] [1782648468.593656]: clear_scheduler: ⏳ costmap 恢复完成
[INFO] [1782648468.597493]: clear_scheduler: ✅ 清空周期结束，恢复规划
[INFO] [1782648468.602622]: clear_scheduler: 📊 plan #1/4
[INFO] [1782648468.661505]: clear_scheduler: 📊 plan #2/4
[INFO] [1782648469.159927]: clear_scheduler: 📊 plan #3/4
[INFO] [1782648469.659001]: clear_scheduler: 📊 plan #4/4
[INFO] [1782648469.661673]: clear_scheduler: 🔄 开始清空周期
[INFO] [1782648469.696589]: clear_scheduler: 🧹 clear_costmaps 已调用
[INFO] [1782648470.400237]: clear_scheduler: ⏳ costmap 恢复完成
[INFO] [1782648470.404062]: clear_scheduler: ✅ 清空周期结束，恢复规划
[INFO] [1782648470.407878]: clear_scheduler: 📊 plan #1/4
[INFO] [1782648470.457616]: clear_scheduler: 📊 plan #2/4
[INFO] [1782648470.957764]: clear_scheduler: 📊 plan #3/4
[INFO] [1782648471.061702]: clear_scheduler: 📊 plan #1/4
[INFO] [1782648471.563093]: clear_scheduler: 📊 plan #2/4
[INFO] [1782648472.062339]: clear_scheduler: 📊 plan #3/4
[INFO] [1782648472.562561]: clear_scheduler: 📊 plan #4/4
[INFO] [1782648472.565431]: clear_scheduler: 🔄 开始清空周期
[INFO] [1782648472.595631]: clear_scheduler: 🧹 clear_costmaps 已调用
[INFO] [1782648473.298965]: clear_scheduler: ⏳ costmap 恢复完成
[INFO] [1782648473.302683]: clear_scheduler: ✅ 清空周期结束，恢复规划
[INFO] [1782648473.307088]: clear_scheduler: 📊 plan #1/4
[INFO] [1782648473.361796]: clear_scheduler: 📊 plan #2/4
[INFO] [1782648473.862299]: clear_scheduler: 📊 plan #3/4
[INFO] [1782648474.362778]: clear_scheduler: 📊 plan #4/4
[INFO] [1782648474.366045]: clear_scheduler: 🔄 开始清空周期
[INFO] [1782648474.402216]: clear_scheduler: 🧹 clear_costmaps 已调用
[INFO] [1782648475.106002]: clear_scheduler: ⏳ costmap 恢复完成
[INFO] [1782648475.109691]: clear_scheduler: ✅ 清空周期结束，恢复规划
[INFO] [1782648475.112987]: clear_scheduler: 📊 plan #1/4
[INFO] [1782648475.161500]: clear_scheduler: 📊 plan #2/4
[INFO] [1782648475.661737]: clear_scheduler: 📊 plan #3/4
[INFO] [1782648476.162469]: clear_scheduler: 📊 plan #4/4
[INFO] [1782648476.165559]: clear_scheduler: 🔄 开始清空周期
[INFO] [1782648476.197728]: clear_scheduler: 🧹 clear_costmaps 已调用
[INFO] [1782648476.901870]: clear_scheduler: ⏳ costmap 恢复完成
[INFO] [1782648476.904993]: clear_scheduler: ✅ 清空周期结束，恢复规划
[INFO] [1782648476.911332]: clear_scheduler: 📊 plan #1/4
[INFO] [1782648476.961040]: clear_scheduler: 📊 plan #2/4
[INFO] [1782648477.465789]: clear_scheduler: 📊 plan #3/4
[INFO] [1782648477.961905]: clear_scheduler: 📊 plan #4/4
[INFO] [1782648477.964980]: clear_scheduler: 🔄 开始清空周期
[INFO] [1782648477.995125]: clear_scheduler: 🧹 clear_costmaps 已调用
[INFO] [1782648478.698636]: clear_scheduler: ⏳ costmap 恢复完成
[INFO] [1782648478.702190]: clear_scheduler: ✅ 清空周期结束，恢复规划
[INFO] [1782648478.707287]: clear_scheduler: 📊 plan #1/4
[INFO] [1782648478.760921]: clear_scheduler: 📊 plan #2/4
[INFO] [1782648479.261436]: clear_scheduler: 📊 plan #3/4
[INFO] [1782648479.761700]: clear_scheduler: 📊 plan #4/4
[INFO] [1782648479.765171]: clear_scheduler: 🔄 开始清空周期
[INFO] [1782648479.794050]: clear_scheduler: 🧹 clear_costmaps 已调用
[INFO] [1782648480.497560]: clear_scheduler: ⏳ costmap 恢复完成
[INFO] [1782648480.501420]: clear_scheduler: ✅ 清空周期结束，恢复规划
[INFO] [1782648480.505183]: clear_scheduler: 📊 plan #1/4
[INFO] [1782648480.561672]: clear_scheduler: 📊 plan #2/4
[INFO] [1782648481.060875]: clear_scheduler: 📊 plan #3/4
[INFO] [1782648481.562390]: clear_scheduler: 📊 plan #4/4
[INFO] [1782648481.565275]: clear_scheduler: 🔄 开始清空周期
[INFO] [1782648481.608807]: clear_scheduler: 🧹 clear_costmaps 已调用
[INFO] [1782648482.312786]: clear_scheduler: ⏳ costmap 恢复完成
[INFO] [1782648482.316159]: clear_scheduler: ✅ 清空周期结束，恢复规划
[INFO] [1782648482.319997]: clear_scheduler: 📊 plan #1/4
[INFO] [1782648482.360607]: clear_scheduler: 📊 plan #2/4
[INFO] [1782648482.861989]: clear_scheduler: 📊 plan #3/4
[INFO] [1782648483.361519]: clear_scheduler: 📊 plan #4/4
[INFO] [1782648483.364991]: clear_scheduler: 🔄 开始清空周期
[INFO] [1782648483.405709]: clear_scheduler: 🧹 clear_costmaps 已调用
[INFO] [1782648484.108822]: clear_scheduler: ⏳ costmap 恢复完成
[INFO] [1782648484.112125]: clear_scheduler: ✅ 清空周期结束，恢复规划
[INFO] [1782648484.115024]: clear_scheduler: 📊 plan #1/4
[INFO] [1782648484.160209]: clear_scheduler: 📊 plan #2/4
[INFO] [1782648484.660282]: clear_scheduler: 📊 plan #3/4
[WARN] [1782648476.429342]: clear_scheduler: ⚠️ 收到 goal 已 15s 但未收到任何 plan！
  运行以下命令确认 plan topic 名称:
    rostopic list | grep -i plan
[WARN] [1782648478.219943]: clear_scheduler: ⚠️ 收到 goal 已 15s 但未收到任何 plan！
  运行以下命令确认 plan topic 名称:
    rostopic list | grep -i plan
[WARN] [1782648480.021039]: clear_scheduler: ⚠️ 收到 goal 已 15s 但未收到任何 plan！
  运行以下命令确认 plan topic 名称:
    rostopic list | grep -i plan
[WARN] [1782648481.825567]: clear_scheduler: ⚠️ 收到 goal 已 15s 但未收到任何 plan！
  运行以下命令确认 plan topic 名称:
    rostopic list | grep -i plan
[WARN] [1782648483.620902]: clear_scheduler: ⚠️ 收到 goal 已 15s 但未收到任何 plan！
  运行以下命令确认 plan topic 名称:
    rostopic list | grep -i plan
[WARN] [1782648485.420924]: clear_scheduler: ⚠️ 收到 goal 已 15s 但未收到任何 plan！
  运行以下命令确认 plan topic 名称:
    rostopic list | grep -i plan
[INFO] [1782648485.161135]: clear_scheduler: 📊 plan #4/4
[INFO] [1782648485.164135]: clear_scheduler: 🔄 开始清空周期
[INFO] [1782648485.197769]: clear_scheduler: 🧹 clear_costmaps 已调用
[INFO] [1782648485.901684]: clear_scheduler: ⏳ costmap 恢复完成
[INFO] [1782648485.911364]: clear_scheduler: ✅ 清空周期结束，恢复规划
[INFO] [1782648485.915167]: clear_scheduler: 📊 plan #1/4
[INFO] [1782648485.964322]: clear_scheduler: 📊 plan #2/4
[INFO] [1782648486.475748]: clear_scheduler: 📊 plan #3/4
[INFO] [1782648486.965664]: clear_scheduler: 📊 plan #4/4
[INFO] [1782648486.969116]: clear_scheduler: 🔄 开始清空周期
[INFO] [1782648487.002358]: clear_scheduler: 🧹 clear_costmaps 已调用
[INFO] [1782648487.706934]: clear_scheduler: ⏳ costmap 恢复完成
[INFO] [1782648487.710625]: clear_scheduler: ✅ 清空周期结束，恢复规划
[INFO] [1782648487.715326]: clear_scheduler: 📊 plan #1/4
[INFO] [1782648487.759531]: clear_scheduler: 📊 plan #2/4
[INFO] [1782648488.259607]: clear_scheduler: 📊 plan #3/4
[INFO] [1782648488.761112]: clear_scheduler: 📊 plan #4/4
[INFO] [1782648488.763847]: clear_scheduler: 🔄 开始清空周期
[INFO] [1782648488.801374]: clear_scheduler: 🧹 clear_costmaps 已调用
[INFO] [1782648489.504754]: clear_scheduler: ⏳ costmap 恢复完成
[INFO] [1782648489.508512]: clear_scheduler: ✅ 清空周期结束，恢复规划
[INFO] [1782648489.513765]: clear_scheduler: 📊 plan #1/4
[INFO] [1782648489.565489]: clear_scheduler: 📊 plan #2/4
[INFO] [1782648490.065725]: clear_scheduler: 📊 plan #3/4
[INFO] [1782648490.560780]: clear_scheduler: 📊 plan #4/4
[INFO] [1782648490.564282]: clear_scheduler: 🔄 开始清空周期
[INFO] [1782648490.601027]: clear_scheduler: 🧹 clear_costmaps 已调用
[INFO] [1782648491.304029]: clear_scheduler: ⏳ costmap 恢复完成
[INFO] [1782648491.307358]: clear_scheduler: ✅ 清空周期结束，恢复规划
[INFO] [1782648491.311338]: clear_scheduler: 📊 plan #1/4
[INFO] [1782648491.365479]: clear_scheduler: 📊 plan #2/4
[INFO] [1782648491.866046]: clear_scheduler: 📊 plan #3/4
[INFO] [1782648492.366450]: clear_scheduler: 📊 plan #4/4
[INFO] [1782648492.369419]: clear_scheduler: 🔄 开始清空周期
[INFO] [1782648492.401858]: clear_scheduler: 🧹 clear_costmaps 已调用
[INFO] [1782648493.106024]: clear_scheduler: ⏳ costmap 恢复完成
[INFO] [1782648493.110177]: clear_scheduler: ✅ 清空周期结束，恢复规划
[INFO] [1782648493.114191]: clear_scheduler: 📊 plan #1/4
[INFO] [1782648493.165785]: clear_scheduler: 📊 plan #2/4
[INFO] [1782648493.665758]: clear_scheduler: 📊 plan #3/4
[INFO] [1782648494.166554]: clear_scheduler: 📊 plan #4/4
[INFO] [1782648494.169821]: clear_scheduler: 🔄 开始清空周期
[INFO] [1782648494.201068]: clear_scheduler: 🧹 clear_costmaps 已调用
[INFO] [1782648494.904760]: clear_scheduler: ⏳ costmap 恢复完成
[INFO] [1782648494.907869]: clear_scheduler: ✅ 清空周期结束，恢复规划
[INFO] [1782648494.911424]: clear_scheduler: 📊 plan #1/4
[INFO] [1782648494.958280]: clear_scheduler: 📊 plan #2/4
[INFO] [1782648495.459070]: clear_scheduler: 📊 plan #3/4
[INFO] [1782648495.959535]: clear_scheduler: 📊 plan #4/4
[INFO] [1782648495.962351]: clear_scheduler: 🔄 开始清空周期
[INFO] [1782648495.993297]: clear_scheduler: 🧹 clear_costmaps 已调用
[INFO] [1782648496.696766]: clear_scheduler: ⏳ costmap 恢复完成
[INFO] [1782648496.699900]: clear_scheduler: ✅ 清空周期结束，恢复规划
[INFO] [1782648496.703301]: clear_scheduler: 📊 plan #1/4
[INFO] [1782648496.758251]: clear_scheduler: 📊 plan #2/4
[INFO] [1782648497.258113]: clear_scheduler: 📊 plan #3/4
[INFO] [1782648497.759538]: clear_scheduler: 📊 plan #4/4
[INFO] [1782648497.762341]: clear_scheduler: 🔄 开始清空周期
[INFO] [1782648497.796570]: clear_scheduler: 🧹 clear_costmaps 已调用
[INFO] [1782648498.500457]: clear_scheduler: ⏳ costmap 恢复完成
[INFO] [1782648498.504050]: clear_scheduler: ✅ 清空周期结束，恢复规划
[INFO] [1782648498.512795]: clear_scheduler: 📊 plan #1/4
[INFO] [1782648498.557877]: clear_scheduler: 📊 plan #2/4
[INFO] [1782648499.058492]: clear_scheduler: 📊 plan #3/4
[INFO] [1782648499.559367]: clear_scheduler: 📊 plan #4/4
[INFO] [1782648499.562339]: clear_scheduler: 🔄 开始清空周期
[INFO] [1782648499.594702]: clear_scheduler: 🧹 clear_costmaps 已调用
[INFO] [1782648500.297765]: clear_scheduler: ⏳ costmap 恢复完成
[INFO] [1782648500.301103]: clear_scheduler: ✅ 清空周期结束，恢复规划
[INFO] [1782648500.304971]: clear_scheduler: 📊 plan #1/4
[INFO] [1782648500.357933]: clear_scheduler: 📊 plan #2/4
[INFO] [1782648500.858178]: clear_scheduler: 📊 plan #3/4
[INFO] [1782648501.358298]: clear_scheduler: 📊 plan #4/4
[INFO] [1782648501.361433]: clear_scheduler: 🔄 开始清空周期
[INFO] [1782648501.392116]: clear_scheduler: 🧹 clear_costmaps 已调用
[INFO] [1782648502.096481]: clear_scheduler: ⏳ costmap 恢复完成
[INFO] [1782648502.100062]: clear_scheduler: ✅ 清空周期结束，恢复规划
[INFO] [1782648502.106588]: clear_scheduler: 📊 plan #1/4
[INFO] [1782648502.157799]: clear_scheduler: 📊 plan #2/4
[INFO] [1782648502.658093]: clear_scheduler: 📊 plan #3/4
[INFO] [1782648503.158799]: clear_scheduler: 📊 plan #4/4
[INFO] [1782648503.161894]: clear_scheduler: 🔄 开始清空周期
[INFO] [1782648503.200155]: clear_scheduler: 🧹 clear_costmaps 已调用
[INFO] [1782648503.904238]: clear_scheduler: ⏳ costmap 恢复完成
[INFO] [1782648503.907721]: clear_scheduler: ✅ 清空周期结束，恢复规划
[INFO] [1782648503.911293]: clear_scheduler: 📊 plan #1/4
[INFO] [1782648503.957713]: clear_scheduler: 📊 plan #2/4
[INFO] [1782648504.457965]: clear_scheduler: 📊 plan #3/4
[INFO] [1782648504.959881]: clear_scheduler: 📊 plan #4/4
[INFO] [1782648504.963457]: clear_scheduler: 🔄 开始清空周期
[INFO] [1782648504.999290]: clear_scheduler: 🧹 clear_costmaps 已调用
[INFO] [1782648505.703449]: clear_scheduler: ⏳ costmap 恢复完成
[INFO] [1782648505.706412]: clear_scheduler: ✅ 清空周期结束，恢复规划
[INFO] [1782648505.709340]: clear_scheduler: 📊 plan #1/4
[INFO] [1782648505.758164]: clear_scheduler: 📊 plan #2/4
[INFO] [1782648506.257970]: clear_scheduler: 📊 plan #3/4
[INFO] [1782648506.758287]: clear_scheduler: 📊 plan #4/4
[INFO] [1782648506.761131]: clear_scheduler: 🔄 开始清空周期
[INFO] [1782648506.789763]: clear_scheduler: 🧹 clear_costmaps 已调用
[INFO] [1782648507.492768]: clear_scheduler: ⏳ costmap 恢复完成
[INFO] [1782648507.496343]: clear_scheduler: ✅ 清空周期结束，恢复规划
[INFO] [1782648507.499500]: clear_scheduler: 📊 plan #1/4
[INFO] [1782648507.557585]: clear_scheduler: 📊 plan #2/4
[INFO] [1782648508.057902]: clear_scheduler: 📊 plan #3/4
[INFO] [1782648508.557947]: clear_scheduler: 📊 plan #4/4
[INFO] [1782648508.561017]: clear_scheduler: 🔄 开始清空周期
[INFO] [1782648508.597490]: clear_scheduler: 🧹 clear_costmaps 已调用
[INFO] [1782648509.302467]: clear_scheduler: ⏳ costmap 恢复完成
[INFO] [1782648509.309026]: clear_scheduler: ✅ 清空周期结束，恢复规划
[INFO] [1782648509.314829]: clear_scheduler: 📊 plan #1/4
[INFO] [1782648509.357962]: clear_scheduler: 📊 plan #2/4
[INFO] [1782648509.857694]: clear_scheduler: 📊 plan #3/4
[INFO] [1782648510.358144]: clear_scheduler: 📊 plan #4/4
[INFO] [1782648510.361020]: clear_scheduler: 🔄 开始清空周期
[INFO] [1782648510.400618]: clear_scheduler: 🧹 clear_costmaps 已调用
[INFO] [1782648511.104596]: clear_scheduler: ⏳ costmap 恢复完成
[INFO] [1782648511.108697]: clear_scheduler: ✅ 清空周期结束，恢复规划
[INFO] [1782648511.111900]: clear_scheduler: 📊 plan #1/4
[INFO] [1782648511.157412]: clear_scheduler: 📊 plan #2/4
