========================================
  2D Nav Goal 诊断报告
  时间: 2026年 06月 25日 星期四 13:00:04 CST
========================================

[9.1] 进程存活检查 -----------------------------

[9.2] move_base 诊断 ----------------------------
  move_base 进程 PID=36938
  ✅ move_base 进程存活
  move_base 话题:
/move_base/PathPlanner/expand
/move_base/PathPlanner/expand_updates
/move_base/PathPlanner/key_points
/move_base/PathPlanner/particles
/move_base/PathPlanner/particles_array
/move_base/PathPlanner/plan
/move_base/PathPlanner/random_tree
/move_base/PathPlanner/random_tree_array
/move_base/PathPlanner/safety_corridor
/move_base/cancel
/move_base/current_goal
/move_base/feedback
/move_base/global_costmap/costmap
/move_base/global_costmap/costmap_updates
/move_base/global_costmap/footprint
/move_base/global_costmap/inflation_layer/parameter_descriptions
/move_base/global_costmap/inflation_layer/parameter_updates
/move_base/global_costmap/obstacle_layer/parameter_descriptions
/move_base/global_costmap/obstacle_layer/parameter_updates
/move_base/global_costmap/parameter_descriptions
/move_base/global_costmap/parameter_updates
/move_base/global_costmap/static_map/parameter_descriptions
/move_base/global_costmap/static_map/parameter_updates
/move_base/global_costmap/voronoi_layer/parameter_descriptions
/move_base/global_costmap/voronoi_layer/parameter_updates
/move_base/global_costmap/voronoi_layer/voronoi_grid
/move_base/goal
/move_base/local_costmap/costmap
/move_base/local_costmap/costmap_updates
/move_base/local_costmap/footprint
/move_base/local_costmap/inflation_layer/parameter_descriptions
/move_base/local_costmap/inflation_layer/parameter_updates
/move_base/local_costmap/obstacle_layer/parameter_descriptions
/move_base/local_costmap/obstacle_layer/parameter_updates
/move_base/local_costmap/parameter_descriptions
/move_base/local_costmap/parameter_updates
/move_base/parameter_descriptions
/move_base/parameter_updates
/move_base/recovery_status
/move_base/result
/move_base/status
/move_base_simple/goal
  move_base 服务:
/move_base/PathPlanner/make_plan
/move_base/clear_costmaps
/move_base/get_loggers
/move_base/global_costmap/inflation_layer/set_parameters
/move_base/global_costmap/obstacle_layer/set_parameters
/move_base/global_costmap/set_parameters
/move_base/global_costmap/static_map/set_parameters
/move_base/global_costmap/voronoi_layer/set_parameters
/move_base/local_costmap/inflation_layer/set_parameters
/move_base/local_costmap/obstacle_layer/set_parameters
/move_base/local_costmap/set_parameters
/move_base/make_plan
/move_base/set_logger_level
/move_base/set_parameters

[9.3] 关键话题检查 ------------------------------
  ✅ /map
  ✅ /move_base_simple/goal
  ❌ /move_base/NavfnROS/plan (不存在)
  ✅ /move_base/global_costmap/costmap
  ✅ /move_base/local_costmap/costmap
  ✅ /scan_fixed
  ✅ /odom

[9.4] /map 话题数据检查 -------------------------
  ✅ /map 有数据
     width=384 height=384 resolution=0.05000000074505806

[9.5] TF 树检查 ---------------------------------
  ✅ map → odom
  ❌ odom → base_footprint (不存在)
  ❌ base_footprint → base_link (不存在)
  ❌ base_link → base_scan (不存在)

[9.6] move_base 参数检查 ------------------------
  ✅ /move_base/base_global_planner = path_planner/PathPlanner
