Exception in thread Thread-5:
Traceback (most recent call last):
  File "/usr/lib/python3.8/threading.py", line 932, in _bootstrap_inner
    self.run()
  File "/opt/ros/noetic/lib/python3/dist-packages/rospy/timer.py", line 237, in run
    self._callback(TimerEvent(last_expected, last_real, current_expected, current_real, last_duration))
  File "/home/lcy/robot_graduation/ros_motion_planning/src/encoder_tools/scripts/encoder_odom.py", line 166, in timer_cb
    self._pub_odom(now, self.latest_v, self.latest_omega)
  File "/home/lcy/robot_graduation/ros_motion_planning/src/encoder_tools/scripts/encoder_odom.py", line 187, in _pub_odom
    self.odom_pub.publish(odom)
  File "/opt/ros/noetic/lib/python3/dist-packages/rospy/topics.py", line 882, in publish
    self.impl.publish(data)
  File "/opt/ros/noetic/lib/python3/dist-packages/rospy/topics.py", line 1041, in publish
    raise ROSException("publish() to a closed topic")
rospy.exceptions.ROSException: publish() to a closed topic
[INFO] [1782376240.768303]: === encoder_odom 参数 ===
[INFO] [1782376240.770455]: wheel_radius    = 0.1065
[INFO] [1782376240.772532]: wheel_base      = 0.25
[INFO] [1782376240.775220]: pluse           = 0.002061
[INFO] [1782376240.786056]: dist_per_tick   = 0.00000383 m
[INFO] [1782376240.789450]: ========================
[INFO] [1782376240.814842]: encoder_odom 已启动，等待 /wheel_ticks ...
[INFO] [1782376240.820117]: 提示: 确保 read_uart.py 也在运行，否则收不到编码器数据
[INFO] [1782376255.302846]: 收到第一条编码器数据: ltick=0, rtick=0
[INFO] [1782376255.307230]: 里程计开始计算...
[INFO] [1782376255.456441]: 编码器: ltick=0 rtick=0 Δl=0 Δr=0 d_left=0.0000m d_right=0.0000m
[INFO] [1782376255.459457]: 里程计: x=0.000 y=0.000 θ=0.000 v=0.000m/s ω=0.000rad/s
[INFO] [1782376255.462133]: 已发布 /odom: pose=(0.00, 0.00, 0.00)
[INFO] [1782376257.516279]: 已发布 /odom: pose=(0.00, 0.00, 0.00)
[INFO] [1782376257.555697]: 编码器: ltick=0 rtick=0 Δl=0 Δr=0 d_left=0.0000m d_right=0.0000m
[INFO] [1782376257.559881]: 里程计: x=0.000 y=0.000 θ=0.000 v=0.000m/s ω=0.000rad/s
[INFO] [1782376259.615924]: 已发布 /odom: pose=(0.00, -0.00, -0.27)
[INFO] [1782376259.659018]: 编码器: ltick=9307 rtick=-8524 Δl=0 Δr=0 d_left=0.0000m d_right=0.0000m
[INFO] [1782376259.661940]: 里程计: x=0.001 y=-0.000 θ=-0.273 v=0.000m/s ω=0.000rad/s
[INFO] [1782376261.618396]: 已发布 /odom: pose=(0.00, -0.00, -0.25)
[INFO] [1782376261.765690]: 编码器: ltick=7381 rtick=-6689 Δl=-1241 Δr=1208 d_left=-0.0048m d_right=0.0046m
[INFO] [1782376261.768818]: 里程计: x=0.001 y=-0.000 θ=-0.216 v=-0.000m/s ω=0.254rad/s
[INFO] [1782376263.706488]: 已发布 /odom: pose=(-0.00, -0.00, 0.26)
[INFO] [1782376263.855015]: 编码器: ltick=-9878 rtick=7366 Δl=0 Δr=0 d_left=0.0000m d_right=0.0000m
[INFO] [1782376263.857844]: 里程计: x=-0.005 y=-0.001 θ=0.264 v=0.000m/s ω=0.000rad/s
[INFO] [1782376265.715563]: 已发布 /odom: pose=(-0.00, -0.00, 0.26)
[INFO] [1782376265.956556]: 编码器: ltick=-9878 rtick=7366 Δl=0 Δr=0 d_left=0.0000m d_right=0.0000m
[INFO] [1782376265.959285]: 里程计: x=-0.005 y=-0.001 θ=0.264 v=0.000m/s ω=0.000rad/s
[INFO] [1782376267.715876]: 已发布 /odom: pose=(-0.00, -0.00, 0.26)
[INFO] [1782376268.059378]: 编码器: ltick=-9878 rtick=7366 Δl=0 Δr=0 d_left=0.0000m d_right=0.0000m
[INFO] [1782376268.063432]: 里程计: x=-0.005 y=-0.001 θ=0.264 v=0.000m/s ω=0.000rad/s
[INFO] [1782376269.815624]: 已发布 /odom: pose=(-0.00, -0.00, 0.26)
[INFO] [1782376270.157295]: 编码器: ltick=-9878 rtick=7366 Δl=0 Δr=0 d_left=0.0000m d_right=0.0000m
[INFO] [1782376270.160003]: 里程计: x=-0.005 y=-0.001 θ=0.264 v=0.000m/s ω=0.000rad/s
[INFO] [1782376271.815809]: 已发布 /odom: pose=(-0.00, -0.00, 0.26)
[INFO] [1782376272.260131]: 编码器: ltick=-9878 rtick=7366 Δl=0 Δr=0 d_left=0.0000m d_right=0.0000m
[INFO] [1782376272.263459]: 里程计: x=-0.005 y=-0.001 θ=0.264 v=0.000m/s ω=0.000rad/s
