[WARN] [1782627572.538433]: wait_for_service(/move_base/clear_costmaps): failed to contact, will keep trying
[WARN] [1782627582.544322]: wait_for_service(/move_base/clear_costmaps): failed to contact, will keep trying
[WARN] [1782627583.559807]: set_model_state 失败: service [/gz_debug/set_model_state] returned no response
[INFO] [1782627539.541485]: gazebo_sync 已启动
[INFO] [1782627539.549156]:   持续尝试连接 /gz_debug/set_model_state ...
[INFO] [1782627539.744799]:   ✅ 已连接 /gz_debug/set_model_state
[INFO] [1782627539.752620]: 已同步 Gazebo 位置: x=0.00 y=-0.80 θ=0.00
[INFO] [1782627541.950308]: 已同步 Gazebo 位置: x=0.00 y=-0.80 θ=0.00
[INFO] [1782627544.147454]: 已同步 Gazebo 位置: x=0.00 y=-0.80 θ=0.00
[INFO] [1782627544.570676]: 已清理 costmap 旧障碍物标记
[INFO] [1782627546.147663]: 已同步 Gazebo 位置: x=0.00 y=-0.80 θ=0.00
[INFO] [1782627548.154227]: 已同步 Gazebo 位置: x=0.00 y=-0.80 θ=0.00
[INFO] [1782627550.348827]: 已同步 Gazebo 位置: x=0.00 y=-0.80 θ=0.00
[INFO] [1782627552.382143]: 已同步 Gazebo 位置: x=0.00 y=-0.80 θ=0.00
[INFO] [1782627554.549961]: 已同步 Gazebo 位置: x=0.00 y=-0.80 θ=0.00
[INFO] [1782627554.572938]: 已清理 costmap 旧障碍物标记
[INFO] [1782627556.566746]: 已同步 Gazebo 位置: x=0.00 y=-0.80 θ=0.00
[INFO] [1782627558.747366]: 已同步 Gazebo 位置: x=0.00 y=-0.80 θ=0.00
[INFO] [1782627560.758400]: 已同步 Gazebo 位置: x=0.00 y=-0.80 θ=0.00
[INFO] [1782627562.952426]: 已同步 Gazebo 位置: x=-0.00 y=-0.80 θ=-0.06
[INFO] [1782627564.584965]: 已清理 costmap 旧障碍物标记
[INFO] [1782627565.147880]: 已同步 Gazebo 位置: x=0.01 y=-0.80 θ=-0.44
[INFO] [1782627567.150313]: 已同步 Gazebo 位置: x=0.01 y=-0.81 θ=-0.78
[INFO] [1782627569.353394]: 已同步 Gazebo 位置: x=0.01 y=-0.81 θ=-0.98
[INFO] [1782627571.355301]: 已同步 Gazebo 位置: x=0.01 y=-0.81 θ=-0.99
[INFO] [1782627573.366623]: 已同步 Gazebo 位置: x=0.01 y=-0.81 θ=-0.99
[INFO] [1782627575.546197]: 已同步 Gazebo 位置: x=0.02 y=-0.80 θ=-0.94
[INFO] [1782627577.550274]: 已同步 Gazebo 位置: x=0.02 y=-0.80 θ=-0.87
[INFO] [1782627579.583776]: 已同步 Gazebo 位置: x=0.02 y=-0.80 θ=-0.87
[INFO] [1782627581.754139]: 已同步 Gazebo 位置: x=0.02 y=-0.80 θ=-0.87
