xacro: in-order processing became default in ROS Melodic. You can drop the option.
[INFO] [1781434438.728020, 0.000000]: Loading model XML from ros parameter robot_description
[INFO] [1781434438.740577, 0.000000]: Waiting for service /gazebo/spawn_urdf_model
[INFO] [1781434440.872339, 0.000000]: Calling service /gazebo/spawn_urdf_model
[INFO] [1781434442.746323, 0.153000]: Spawn status: SpawnModel: Successfully spawned entity
[33m[WARN] [1781434444.328326078, 0.896000000]: global_costmap: Pre-Hydro parameter "static_map" unused since "plugins" is provided[0m
[33m[WARN] [1781434444.336441380, 0.902000000]: global_costmap: Pre-Hydro parameter "map_type" unused since "plugins" is provided[0m
WARNING: Logging before InitGoogleLogging() is written to STDERR
I20260614 18:54:05.157629 29671 path_planner_factory.cpp:125] Using path planner: astar
[33m[WARN] [1781434445.193605499, 1.508000000]: local_costmap: Parameter "plugins" not provided, loading pre-Hydro parameters[0m
I20260614 18:54:05.456089 29671 apf_controller.cpp:77] APF controller initialized!
[0m[INFO] [1781434439.330573881]: Finished loading Gazebo ROS API Plugin.[0m
[0m[INFO] [1781434439.332837306]: waitForService: Service [/gazebo_gui/set_physics_properties] has not been advertised, waiting...[0m
[31m[ERROR] [1781434494.825192966, 48.787000000]: [setParam] Failed to contact master at [localhost:11311].  Retrying...[0m
[0m[INFO] [1781434444.341640868, 0.904000000]: global_costmap: Using plugin "static_map"[0m
[0m[INFO] [1781434444.371981688, 0.931000000]: Requesting the map...[0m
[0m[INFO] [1781434444.713533844, 1.147000000]: Resizing costmap to 480 X 480 at 0.050000 m/pix[0m
[0m[INFO] [1781434444.839319784, 1.248000000]: Received a 480 X 480 map at 0.050000 m/pix[0m
[0m[INFO] [1781434444.850651276, 1.256000000]: global_costmap: Using plugin "obstacle_layer"[0m
[0m[INFO] [1781434444.858469426, 1.259000000]:     Subscribed to Topics: scan[0m
[0m[INFO] [1781434444.972942887, 1.335000000]: global_costmap: Using plugin "voronoi_layer"[0m
[0m[INFO] [1781434444.985622121, 1.348000000]: global_costmap: Using plugin "inflation_layer"[0m
[0m[INFO] [1781434445.234002187, 1.533000000]: local_costmap: Using plugin "obstacle_layer"[0m
[0m[INFO] [1781434445.260000194, 1.551000000]:     Subscribed to Topics: [0m
[0m[INFO] [1781434445.321457378, 1.584000000]: local_costmap: Using plugin "inflation_layer"[0m
[0m[INFO] [1781434445.426632859, 1.672000000]: Created local_planner apf_controller/APFController[0m
[0m[INFO] [1781434446.142036160, 2.183000000]: Recovery behavior will clear layer 'obstacles'[0m
[0m[INFO] [1781434446.195078558, 2.229000000]: Recovery behavior will clear layer 'obstacles'[0m
[0m[INFO] [1781434446.323396132, 2.324000000]: odom received![0m
