[WARN] [1781515632.793683]: 无法匹配格式，丢弃: A-recv
[WARN] [1781515640.102615]: 无法匹配格式，丢弃: ltigk:35099 rtick:-28005
[WARN] [1781515640.917218]: ltick 斜率异常: -33735 (平均 delta=1547, 阈值=30000)
[WARN] [1781515645.236047]: 无法匹配格式，丢弃: ltick:60292!rtik:-47110
[INFO] [1781515618.599324]: Open serial: /dev/ttyTHS0 (raw mode)
[INFO] [1781515625.244557]: ltick=0, rtick=0
[INFO] [1781515626.329175]: ltick=0, rtick=0
[INFO] [1781515627.406801]: ltick=0, rtick=0
[INFO] [1781515628.488900]: ltick=0, rtick=0
[INFO] [1781515629.566632]: ltick=0, rtick=0
[INFO] [1781515630.650398]: ltick=0, rtick=0
[INFO] [1781515631.727882]: ltick=0, rtick=0
[INFO] [1781515632.812635]: ltick=23, rtick=-21
[INFO] [1781515633.890821]: ltick=5134, rtick=-3941
[INFO] [1781515634.974691]: ltick=10376, rtick=-7974
[INFO] [1781515636.053947]: ltick=15562, rtick=-12125
[INFO] [1781515637.133982]: ltick=20820, rtick=-16281
[INFO] [1781515638.213706]: ltick=26098, rtick=-20532
[INFO] [1781515639.293295]: ltick=31277, rtick=-24810
[INFO] [1781515640.372950]: ltick=36423, rtick=-29034
[INFO] [1781515641.727847]: ltick=42899, rtick=-34082
[INFO] [1781515642.807135]: ltick=48136, rtick=-38107
[INFO] [1781515643.887126]: ltick=53486, rtick=-42070
[INFO] [1781515644.966357]: ltick=58938, rtick=-46136
[INFO] [1781515646.316184]: ltick=65729, rtick=-51291
[INFO] [1781515647.395322]: ltick=75199, rtick=-55484
[INFO] [1781515648.744852]: ltick=78088, rtick=-60737
