[INFO] [1782201025.349951]: [send_mpc] 串口已打开: /dev/ttyTHS0 @ 57600 (raw mode)
[INFO] [1782201025.356047]: =======================================================
[INFO] [1782201025.358624]:   send_mpc_speed 已启动
[INFO] [1782201025.361454]:   wheel_radius = 0.1065 m
[INFO] [1782201025.363915]:   wheel_base   = 0.5022 m
[INFO] [1782201025.366534]:   差速模型: v_l = v - ω·B/2,  v_r = v + ω·B/2
[INFO] [1782201025.368907]:   串口协议: l:<left_mps>,r:<right_mps>\r\n
[INFO] [1782201025.371274]:   串口已连接, 数据将发送到物理车
[INFO] [1782201025.374258]: =======================================================
[INFO] [1782201039.649464]: 
  ┌── cmd_vel #1 ──────────────────┐
  │  v (线速度)        =    0.000  m/s       │
  │  ω (角速度)        =    0.000  rad/s     │
  │                                          │
  │  v_left  (左轮)    =    0.000  m/s       │
  │  v_right (右轮)    =    0.000  m/s       │
  └──────────────────────────────────────────┘
[INFO] [1782201039.653060]:   [串口发送] l:0.000,r:0.000
[INFO] [1782201040.657419]: 
  ┌── cmd_vel #11 ──────────────────┐
  │  v (线速度)        =    0.050  m/s       │
  │  ω (角速度)        =    0.000  rad/s     │
  │                                          │
  │  v_left  (左轮)    =    0.050  m/s       │
  │  v_right (右轮)    =    0.050  m/s       │
  └──────────────────────────────────────────┘
[INFO] [1782201040.661444]:   [串口发送] l:0.050,r:0.050
[INFO] [1782201041.657689]: 
  ┌── cmd_vel #21 ──────────────────┐
  │  v (线速度)        =    0.050  m/s       │
  │  ω (角速度)        =    0.000  rad/s     │
  │                                          │
  │  v_left  (左轮)    =    0.050  m/s       │
  │  v_right (右轮)    =    0.050  m/s       │
  └──────────────────────────────────────────┘
[INFO] [1782201041.758098]:   [串口发送] l:0.050,r:0.050
[INFO] [1782201042.757852]: 
  ┌── cmd_vel #32 ──────────────────┐
  │  v (线速度)        =    0.050  m/s       │
  │  ω (角速度)        =    0.000  rad/s     │
  │                                          │
  │  v_left  (左轮)    =    0.050  m/s       │
  │  v_right (右轮)    =    0.050  m/s       │
  └──────────────────────────────────────────┘
[INFO] [1782201042.761321]:   [串口发送] l:0.050,r:0.050
[INFO] [1782201043.858031]: 
  ┌── cmd_vel #43 ──────────────────┐
  │  v (线速度)        =    0.050  m/s       │
  │  ω (角速度)        =    0.000  rad/s     │
  │                                          │
  │  v_left  (左轮)    =    0.050  m/s       │
  │  v_right (右轮)    =    0.050  m/s       │
  └──────────────────────────────────────────┘
[INFO] [1782201043.862288]:   [串口发送] l:0.050,r:0.050
[INFO] [1782201044.957213]: 
  ┌── cmd_vel #54 ──────────────────┐
  │  v (线速度)        =    0.050  m/s       │
  │  ω (角速度)        =    0.000  rad/s     │
  │                                          │
  │  v_left  (左轮)    =    0.050  m/s       │
  │  v_right (右轮)    =    0.050  m/s       │
  └──────────────────────────────────────────┘
[INFO] [1782201044.960344]:   [串口发送] l:0.050,r:0.050
[INFO] [1782201046.057606]: 
  ┌── cmd_vel #65 ──────────────────┐
  │  v (线速度)        =    0.050  m/s       │
  │  ω (角速度)        =    0.000  rad/s     │
  │                                          │
  │  v_left  (左轮)    =    0.050  m/s       │
  │  v_right (右轮)    =    0.050  m/s       │
  └──────────────────────────────────────────┘
[INFO] [1782201046.061193]:   [串口发送] l:0.050,r:0.050
[INFO] [1782201047.058306]: 
  ┌── cmd_vel #75 ──────────────────┐
  │  v (线速度)        =    0.050  m/s       │
  │  ω (角速度)        =    0.000  rad/s     │
  │                                          │
  │  v_left  (左轮)    =    0.050  m/s       │
  │  v_right (右轮)    =    0.050  m/s       │
  └──────────────────────────────────────────┘
[INFO] [1782201047.062127]:   [串口发送] l:0.050,r:0.050
[INFO] [1782201048.058569]: 
  ┌── cmd_vel #85 ──────────────────┐
  │  v (线速度)        =    0.050  m/s       │
  │  ω (角速度)        =    0.000  rad/s     │
  │                                          │
  │  v_left  (左轮)    =    0.050  m/s       │
  │  v_right (右轮)    =    0.050  m/s       │
  └──────────────────────────────────────────┘
[INFO] [1782201048.159076]:   [串口发送] l:0.050,r:0.050
[INFO] [1782201049.157098]: 
  ┌── cmd_vel #96 ──────────────────┐
  │  v (线速度)        =    0.050  m/s       │
  │  ω (角速度)        =    0.000  rad/s     │
  │                                          │
  │  v_left  (左轮)    =    0.050  m/s       │
  │  v_right (右轮)    =    0.050  m/s       │
  └──────────────────────────────────────────┘
[INFO] [1782201049.160338]:   [串口发送] l:0.050,r:0.050
[INFO] [1782201050.157892]: 
  ┌── cmd_vel #106 ──────────────────┐
  │  v (线速度)        =    0.050  m/s       │
  │  ω (角速度)        =    0.000  rad/s     │
  │                                          │
  │  v_left  (左轮)    =    0.050  m/s       │
  │  v_right (右轮)    =    0.050  m/s       │
  └──────────────────────────────────────────┘
[INFO] [1782201050.161468]:   [串口发送] l:0.050,r:0.050
[INFO] [1782201051.257682]: 
  ┌── cmd_vel #117 ──────────────────┐
  │  v (线速度)        =    0.050  m/s       │
  │  ω (角速度)        =    0.000  rad/s     │
  │                                          │
  │  v_left  (左轮)    =    0.050  m/s       │
  │  v_right (右轮)    =    0.050  m/s       │
  └──────────────────────────────────────────┘
[INFO] [1782201051.260914]:   [串口发送] l:0.050,r:0.050
[INFO] [1782201052.262500]: 
  ┌── cmd_vel #127 ──────────────────┐
  │  v (线速度)        =    0.050  m/s       │
  │  ω (角速度)        =    0.000  rad/s     │
  │                                          │
  │  v_left  (左轮)    =    0.050  m/s       │
  │  v_right (右轮)    =    0.050  m/s       │
  └──────────────────────────────────────────┘
[INFO] [1782201052.266515]:   [串口发送] l:0.050,r:0.050
[INFO] [1782201053.357209]: 
  ┌── cmd_vel #138 ──────────────────┐
  │  v (线速度)        =    0.050  m/s       │
  │  ω (角速度)        =    0.000  rad/s     │
  │                                          │
  │  v_left  (左轮)    =    0.050  m/s       │
  │  v_right (右轮)    =    0.050  m/s       │
  └──────────────────────────────────────────┘
[INFO] [1782201053.361418]:   [串口发送] l:0.050,r:0.050
[INFO] [1782201054.364352]: 
  ┌── cmd_vel #148 ──────────────────┐
  │  v (线速度)        =    0.050  m/s       │
  │  ω (角速度)        =    0.000  rad/s     │
  │                                          │
  │  v_left  (左轮)    =    0.050  m/s       │
  │  v_right (右轮)    =    0.050  m/s       │
  └──────────────────────────────────────────┘
[INFO] [1782201054.368136]:   [串口发送] l:0.050,r:0.050
[INFO] [1782201055.364668]: 
  ┌── cmd_vel #158 ──────────────────┐
  │  v (线速度)        =    0.050  m/s       │
  │  ω (角速度)        =    0.000  rad/s     │
  │                                          │
  │  v_left  (左轮)    =    0.050  m/s       │
  │  v_right (右轮)    =    0.050  m/s       │
  └──────────────────────────────────────────┘
[INFO] [1782201055.457598]:   [串口发送] l:0.050,r:0.050
[INFO] [1782201056.457035]: 
  ┌── cmd_vel #169 ──────────────────┐
  │  v (线速度)        =    0.050  m/s       │
  │  ω (角速度)        =    0.000  rad/s     │
  │                                          │
  │  v_left  (左轮)    =    0.050  m/s       │
  │  v_right (右轮)    =    0.050  m/s       │
  └──────────────────────────────────────────┘
[INFO] [1782201056.460880]:   [串口发送] l:0.050,r:0.050
[INFO] [1782201057.457587]: 
  ┌── cmd_vel #179 ──────────────────┐
  │  v (线速度)        =    0.050  m/s       │
  │  ω (角速度)        =    0.000  rad/s     │
  │                                          │
  │  v_left  (左轮)    =    0.050  m/s       │
  │  v_right (右轮)    =    0.050  m/s       │
  └──────────────────────────────────────────┘
[INFO] [1782201057.461614]:   [串口发送] l:0.050,r:0.050
[INFO] [1782201058.464693]: 
  ┌── cmd_vel #189 ──────────────────┐
  │  v (线速度)        =    0.050  m/s       │
  │  ω (角速度)        =    0.000  rad/s     │
  │                                          │
  │  v_left  (左轮)    =    0.050  m/s       │
  │  v_right (右轮)    =    0.050  m/s       │
  └──────────────────────────────────────────┘
[INFO] [1782201058.468187]:   [串口发送] l:0.050,r:0.050
[INFO] [1782201059.557718]: 
  ┌── cmd_vel #200 ──────────────────┐
  │  v (线速度)        =    0.050  m/s       │
  │  ω (角速度)        =    0.000  rad/s     │
  │                                          │
  │  v_left  (左轮)    =    0.050  m/s       │
  │  v_right (右轮)    =    0.050  m/s       │
  └──────────────────────────────────────────┘
[INFO] [1782201059.561377]:   [串口发送] l:0.050,r:0.050
[INFO] [1782201060.602614]: 
  ┌── cmd_vel #217 ──────────────────┐
  │  v (线速度)        =    0.000  m/s       │
  │  ω (角速度)        =    1.000  rad/s     │
  │                                          │
  │  v_left  (左轮)    =   -0.251  m/s       │
  │  v_right (右轮)    =    0.251  m/s       │
  └──────────────────────────────────────────┘
[INFO] [1782201060.606931]:   [串口发送] l:-0.251,r:0.251
[INFO] [1782201061.651607]: 
  ┌── cmd_vel #238 ──────────────────┐
  │  v (线速度)        =    0.000  m/s       │
  │  ω (角速度)        =    1.000  rad/s     │
  │                                          │
  │  v_left  (左轮)    =   -0.251  m/s       │
  │  v_right (右轮)    =    0.251  m/s       │
  └──────────────────────────────────────────┘
[INFO] [1782201061.655111]:   [串口发送] l:-0.251,r:0.251
[INFO] [1782201062.700994]: 
  ┌── cmd_vel #259 ──────────────────┐
  │  v (线速度)        =    0.000  m/s       │
  │  ω (角速度)        =    1.000  rad/s     │
  │                                          │
  │  v_left  (左轮)    =   -0.251  m/s       │
  │  v_right (右轮)    =    0.251  m/s       │
  └──────────────────────────────────────────┘
[INFO] [1782201062.710998]:   [串口发送] l:-0.251,r:0.251
[INFO] [1782201063.701104]: 
  ┌── cmd_vel #279 ──────────────────┐
  │  v (线速度)        =    0.000  m/s       │
  │  ω (角速度)        =    1.000  rad/s     │
  │                                          │
  │  v_left  (左轮)    =   -0.251  m/s       │
  │  v_right (右轮)    =    0.251  m/s       │
  └──────────────────────────────────────────┘
[INFO] [1782201063.751093]:   [串口发送] l:-0.251,r:0.251
[INFO] [1782201064.751123]: 
  ┌── cmd_vel #300 ──────────────────┐
  │  v (线速度)        =    0.000  m/s       │
  │  ω (角速度)        =    1.000  rad/s     │
  │                                          │
  │  v_left  (左轮)    =   -0.251  m/s       │
  │  v_right (右轮)    =    0.251  m/s       │
  └──────────────────────────────────────────┘
[INFO] [1782201064.754717]:   [串口发送] l:-0.251,r:0.251
[INFO] [1782201065.801252]: 
  ┌── cmd_vel #321 ──────────────────┐
  │  v (线速度)        =    0.000  m/s       │
  │  ω (角速度)        =    1.000  rad/s     │
  │                                          │
  │  v_left  (左轮)    =   -0.251  m/s       │
  │  v_right (右轮)    =    0.251  m/s       │
  └──────────────────────────────────────────┘
[INFO] [1782201065.805018]:   [串口发送] l:-0.251,r:0.251
[INFO] [1782201066.850917]: 
  ┌── cmd_vel #342 ──────────────────┐
  │  v (线速度)        =    0.000  m/s       │
  │  ω (角速度)        =    1.000  rad/s     │
  │                                          │
  │  v_left  (左轮)    =   -0.251  m/s       │
  │  v_right (右轮)    =    0.251  m/s       │
  └──────────────────────────────────────────┘
[INFO] [1782201066.854596]:   [串口发送] l:-0.251,r:0.251
[INFO] [1782201067.851117]: 
  ┌── cmd_vel #362 ──────────────────┐
  │  v (线速度)        =    0.000  m/s       │
  │  ω (角速度)        =    1.000  rad/s     │
  │                                          │
  │  v_left  (左轮)    =   -0.251  m/s       │
  │  v_right (右轮)    =    0.251  m/s       │
  └──────────────────────────────────────────┘
[INFO] [1782201067.860864]:   [串口发送] l:-0.251,r:0.251
[INFO] [1782201068.851439]: 
  ┌── cmd_vel #382 ──────────────────┐
  │  v (线速度)        =    0.000  m/s       │
  │  ω (角速度)        =    1.000  rad/s     │
  │                                          │
  │  v_left  (左轮)    =   -0.251  m/s       │
  │  v_right (右轮)    =    0.251  m/s       │
  └──────────────────────────────────────────┘
[INFO] [1782201068.901168]:   [串口发送] l:-0.251,r:0.251
[INFO] [1782201069.901007]: 
  ┌── cmd_vel #403 ──────────────────┐
  │  v (线速度)        =    0.000  m/s       │
  │  ω (角速度)        =    1.000  rad/s     │
  │                                          │
  │  v_left  (左轮)    =   -0.251  m/s       │
  │  v_right (右轮)    =    0.251  m/s       │
  └──────────────────────────────────────────┘
[INFO] [1782201069.904531]:   [串口发送] l:-0.251,r:0.251
[INFO] [1782201070.950999]: 
  ┌── cmd_vel #424 ──────────────────┐
  │  v (线速度)        =    0.000  m/s       │
  │  ω (角速度)        =    1.000  rad/s     │
  │                                          │
  │  v_left  (左轮)    =   -0.251  m/s       │
  │  v_right (右轮)    =    0.251  m/s       │
  └──────────────────────────────────────────┘
[INFO] [1782201070.955454]:   [串口发送] l:-0.251,r:0.251
[INFO] [1782201072.000833]: 
  ┌── cmd_vel #445 ──────────────────┐
  │  v (线速度)        =    0.000  m/s       │
  │  ω (角速度)        =    1.000  rad/s     │
  │                                          │
  │  v_left  (左轮)    =   -0.251  m/s       │
  │  v_right (右轮)    =    0.251  m/s       │
  └──────────────────────────────────────────┘
[INFO] [1782201072.004515]:   [串口发送] l:-0.251,r:0.251
[INFO] [1782201072.593642]: [send_mpc] 发送零速度，关闭串口
