[INFO] [1782463834.811982]: [bridge] 串口已打开: /dev/ttyTHS0 @ 57600 (raw mode)
[INFO] [1782463834.817967]: [bridge] serial_bridge 已启动 (读+写合并)
[INFO] [1782463834.819764]: [bridge] wheel_base=0.2500, wheel_radius=0.1065
[INFO] [1782463834.965772]: [bridge] tick #1: ltick=0, rtick=0
[INFO] [1782463836.012703]: [bridge] tick #8: ltick=0, rtick=0
[INFO] [1782463837.064893]: [bridge] tick #15: ltick=0, rtick=0
[INFO] [1782463838.116862]: [bridge] tick #22: ltick=0, rtick=0
[INFO] [1782463839.162688]: [bridge] tick #29: ltick=0, rtick=0
[INFO] [1782463840.214769]: [bridge] tick #36: ltick=0, rtick=0
[INFO] [1782463841.266262]: [bridge] tick #43: ltick=0, rtick=0
[INFO] [1782463842.313009]: [bridge] tick #50: ltick=0, rtick=0
[INFO] [1782463843.365531]: [bridge] tick #57: ltick=0, rtick=0
[INFO] [1782463844.416329]: [bridge] tick #64: ltick=0, rtick=0
[INFO] [1782463845.462769]: [bridge] tick #71: ltick=0, rtick=0
[INFO] [1782463846.514774]: [bridge] tick #78: ltick=0, rtick=0
[INFO] [1782463847.566647]: [bridge] tick #85: ltick=0, rtick=0
[INFO] [1782463848.613084]: [bridge] tick #92: ltick=0, rtick=0
[INFO] [1782463849.664599]: [bridge] tick #99: ltick=0, rtick=0
[INFO] [1782463850.716363]: [bridge] tick #106: ltick=0, rtick=0
[INFO] [1782463851.763455]: [bridge] tick #113: ltick=0, rtick=0
[INFO] [1782463852.814703]: [bridge] tick #120: ltick=0, rtick=0
[INFO] [1782463853.866477]: [bridge] tick #127: ltick=0, rtick=0
[INFO] [1782463854.913073]: [bridge] tick #134: ltick=0, rtick=0
[INFO] [1782463855.964839]: [bridge] tick #141: ltick=0, rtick=0
[INFO] [1782463857.016440]: [bridge] tick #148: ltick=0, rtick=0
[INFO] [1782463858.063201]: [bridge] tick #155: ltick=0, rtick=0
[INFO] [1782463859.114879]: [bridge] tick #162: ltick=0, rtick=0
[INFO] [1782463860.166577]: [bridge] tick #169: ltick=0, rtick=0
[INFO] [1782463861.213268]: [bridge] tick #176: ltick=0, rtick=0
[INFO] [1782463862.264995]: [bridge] tick #183: ltick=0, rtick=0
[INFO] [1782463863.316655]: [bridge] tick #190: ltick=0, rtick=0
[INFO] [1782463864.368382]: [bridge] tick #197: ltick=0, rtick=0
[INFO] [1782463865.415096]: [bridge] tick #204: ltick=0, rtick=0
[INFO] [1782463866.466804]: [bridge] tick #211: ltick=0, rtick=0
[INFO] [1782463867.518461]: [bridge] tick #218: ltick=0, rtick=0
[INFO] [1782463868.565073]: [bridge] tick #225: ltick=0, rtick=0
[INFO] [1782463869.616927]: [bridge] tick #232: ltick=0, rtick=0
[INFO] [1782463870.668790]: [bridge] tick #239: ltick=0, rtick=0
[INFO] [1782463871.715244]: [bridge] tick #246: ltick=0, rtick=0
[INFO] [1782463872.766922]: [bridge] tick #253: ltick=0, rtick=0
[INFO] [1782463873.818641]: [bridge] tick #260: ltick=0, rtick=0
[INFO] [1782463874.865268]: [bridge] tick #267: ltick=0, rtick=0
[INFO] [1782463875.917063]: [bridge] tick #274: ltick=0, rtick=0
[INFO] [1782463876.968732]: [bridge] tick #281: ltick=0, rtick=0
[INFO] [1782463878.015369]: [bridge] tick #288: ltick=0, rtick=0
[INFO] [1782463879.067031]: [bridge] tick #295: ltick=0, rtick=0
[INFO] [1782463880.118894]: [bridge] tick #302: ltick=0, rtick=0
[INFO] [1782463881.165462]: [bridge] tick #309: ltick=0, rtick=0
[INFO] [1782463882.217262]: [bridge] tick #316: ltick=0, rtick=0
[INFO] [1782463883.268871]: [bridge] tick #323: ltick=0, rtick=0
[INFO] [1782463884.315604]: [bridge] tick #330: ltick=0, rtick=0
[INFO] [1782463885.367549]: [bridge] tick #337: ltick=0, rtick=0
[INFO] [1782463886.418934]: [bridge] tick #344: ltick=0, rtick=0
[INFO] [1782463887.465644]: [bridge] tick #351: ltick=0, rtick=0
[INFO] [1782463888.517359]: [bridge] tick #358: ltick=0, rtick=0
[INFO] [1782463889.569048]: [bridge] tick #365: ltick=0, rtick=0
[INFO] [1782463889.612581]: [bridge] cmd #1: v=0.000 ω=-0.600 → l=0.075 r=-0.075  [串口发送] l:0.075,r:-0.075
[INFO] [1782463890.626054]: [bridge] tick #372: ltick=9909, rtick=-7754
[INFO] [1782463890.632118]: [bridge] cmd #52: v=0.000 ω=-0.600 → l=0.075 r=-0.075  [串口发送] l:0.075,r:-0.075
[INFO] [1782463891.652299]: [bridge] cmd #103: v=0.000 ω=-0.600 → l=0.075 r=-0.075  [串口发送] l:0.075,r:-0.075
[INFO] [1782463891.683176]: [bridge] tick #379: ltick=22625, rtick=-18740
[INFO] [1782463892.671948]: [bridge] cmd #154: v=0.000 ω=-0.600 → l=0.075 r=-0.075  [串口发送] l:0.075,r:-0.075
[INFO] [1782463892.724669]: [bridge] tick #386: ltick=37164, rtick=-32177
[INFO] [1782463893.673715]: [bridge] cmd #204: v=0.000 ω=-0.600 → l=0.075 r=-0.075  [串口发送] l:0.075,r:-0.075
[INFO] [1782463893.775371]: [bridge] tick #393: ltick=53024, rtick=-47018
[INFO] [1782463894.700470]: [bridge] cmd #255: v=0.000 ω=0.000 → l=0.000 r=0.000  [串口发送] l:0.000,r:0.000
[INFO] [1782463894.817166]: [bridge] tick #400: ltick=69651, rtick=-62840
[INFO] [1782463895.797847]: [bridge] cmd #267: v=0.050 ω=0.091 → l=0.039 r=0.061  [串口发送] l:0.039,r:0.061
[INFO] [1782463895.869165]: [bridge] tick #406: ltick=83111, rtick=-62470
[INFO] [1782463896.897861]: [bridge] cmd #278: v=0.050 ω=0.191 → l=0.026 r=0.074  [串口发送] l:0.026,r:0.074
[INFO] [1782463896.921781]: [bridge] tick #413: ltick=96466, rtick=-58626
[INFO] [1782463897.897910]: [bridge] cmd #288: v=0.050 ω=0.250 → l=0.019 r=0.081  [串口发送] l:0.019,r:0.081
[INFO] [1782463897.969525]: [bridge] tick #420: ltick=107687, rtick=-52150
[INFO] [1782463898.597561]: [bridge] ω 已被限制: 0.325 → 0.320 (防单轮停转)
[INFO] [1782463898.898738]: [bridge] cmd #298: v=0.050 ω=0.320 → l=0.010 r=0.090  [串口发送] l:0.010,r:0.090
[INFO] [1782463899.023664]: [bridge] tick #427: ltick=116779, rtick=-41776
[INFO] [1782463899.598039]: [bridge] ω 已被限制: 0.396 → 0.320 (防单轮停转)
[INFO] [1782463899.998044]: [bridge] cmd #309: v=0.050 ω=0.320 → l=0.010 r=0.090  [串口发送] l:0.010,r:0.090
[INFO] [1782463900.071686]: [bridge] tick #434: ltick=124041, rtick=-27853
[INFO] [1782463900.697827]: [bridge] ω 已被限制: 0.441 → 0.320 (防单轮停转)
[INFO] [1782463901.097817]: [bridge] cmd #320: v=0.050 ω=0.320 → l=0.010 r=0.090  [串口发送] l:0.010,r:0.090
[INFO] [1782463901.121061]: [bridge] tick #441: ltick=130333, rtick=-11512
[INFO] [1782463901.697867]: [bridge] ω 已被限制: 0.485 → 0.320 (防单轮停转)
[INFO] [1782463902.097869]: [bridge] cmd #330: v=0.050 ω=0.320 → l=0.010 r=0.090  [串口发送] l:0.010,r:0.090
[INFO] [1782463902.171882]: [bridge] tick #448: ltick=135721, rtick=6717
[INFO] [1782463903.197894]: [bridge] cmd #341: v=0.050 ω=-0.265 → l=0.083 r=0.017  [串口发送] l:0.083,r:0.017
[INFO] [1782463903.219232]: [bridge] tick #455: ltick=143935, rtick=23123
[INFO] [1782463903.698845]: [bridge] ω 已被限制: -0.325 → -0.320 (防单轮停转)
[INFO] [1782463904.197952]: [bridge] cmd #351: v=0.050 ω=-0.320 → l=0.090 r=0.010  [串口发送] l:0.090,r:0.010
[INFO] [1782463904.271209]: [bridge] tick #462: ltick=157957, rtick=34339
[INFO] [1782463904.699253]: [bridge] ω 已被限制: -0.397 → -0.320 (防单轮停转)
[INFO] [1782463905.198110]: [bridge] cmd #361: v=0.050 ω=0.208 → l=0.024 r=0.076  [串口发送] l:0.024,r:0.076
[INFO] [1782463905.318705]: [bridge] tick #469: ltick=173909, rtick=44348
[INFO] [1782463905.797731]: [bridge] ω 已被限制: 0.380 → 0.320 (防单轮停转)
[INFO] [1782463906.200203]: [bridge] cmd #371: v=0.050 ω=0.320 → l=0.010 r=0.090  [串口发送] l:0.010,r:0.090
[INFO] [1782463906.370614]: [bridge] tick #476: ltick=184069, rtick=60302
[INFO] [1782463906.797879]: [bridge] ω 已被限制: 0.428 → 0.320 (防单轮停转)
[INFO] [1782463907.298491]: [bridge] cmd #382: v=0.050 ω=0.320 → l=0.010 r=0.090  [串口发送] l:0.010,r:0.090
[INFO] [1782463907.423247]: [bridge] tick #483: ltick=192541, rtick=78485
[INFO] [1782463908.398129]: [bridge] cmd #393: v=0.050 ω=-0.297 → l=0.087 r=0.013  [串口发送] l:0.087,r:0.013
[INFO] [1782463908.470489]: [bridge] tick #490: ltick=202586, rtick=94813
[INFO] [1782463908.498044]: [bridge] ω 已被限制: -0.330 → -0.320 (防单轮停转)
[INFO] [1782463909.398179]: [bridge] cmd #403: v=0.050 ω=-0.186 → l=0.073 r=0.027  [串口发送] l:0.073,r:0.027
[WARN] [1782463894.967726]: [bridge] 无法匹配格式，丢弃: ltico:69747 rtick:-62887
[INFO] [1782463909.518881]: [bridge] tick #497: ltick=214054, rtick=109986
[INFO] [1782463910.497761]: [bridge] cmd #414: v=0.050 ω=0.314 → l=0.011 r=0.089  [串口发送] l:0.011,r:0.089
[INFO] [1782463910.573228]: [bridge] tick #504: ltick=227769, rtick=123240
[INFO] [1782463910.597101]: [bridge] ω 已被限制: 0.355 → 0.320 (防单轮停转)
[INFO] [1782463911.597696]: [bridge] cmd #425: v=0.050 ω=-0.305 → l=0.088 r=0.012  [串口发送] l:0.088,r:0.012
[INFO] [1782463911.620653]: [bridge] tick #511: ltick=238262, rtick=139768
[INFO] [1782463911.697712]: [bridge] ω 已被限制: -0.333 → -0.320 (防单轮停转)
[INFO] [1782463912.597845]: [bridge] cmd #435: v=0.050 ω=-0.320 → l=0.090 r=0.010  [串口发送] l:0.090,r:0.010
[INFO] [1782463912.668874]: [bridge] tick #518: ltick=254907, rtick=150338
[INFO] [1782463912.699106]: [bridge] ω 已被限制: -0.413 → -0.320 (防单轮停转)
[INFO] [1782463913.699945]: [bridge] ω 已被限制: -0.454 → -0.320 (防单轮停转)
[INFO] [1782463913.702996]: [bridge] cmd #446: v=0.050 ω=-0.320 → l=0.090 r=0.010  [串口发送] l:0.090,r:0.010
[INFO] [1782463913.728018]: [bridge] tick #525: ltick=273278, rtick=159230
[INFO] [1782463914.771115]: [bridge] tick #532: ltick=292963, rtick=167098
[INFO] [1782463914.798299]: [bridge] cmd #457: v=0.050 ω=0.138 → l=0.033 r=0.067  [串口发送] l:0.033,r:0.067
[INFO] [1782463915.820050]: [bridge] tick #539: ltick=307193, rtick=180093
[INFO] [1782463915.898680]: [bridge] cmd #468: v=0.050 ω=-0.088 → l=0.061 r=0.039  [串口发送] l:0.061,r:0.039
[INFO] [1782463916.797452]: [bridge] ω 已被限制: 0.343 → 0.320 (防单轮停转)
[INFO] [1782463916.873303]: [bridge] tick #546: ltick=321877, rtick=192566
[INFO] [1782463916.997765]: [bridge] cmd #479: v=0.050 ω=0.305 → l=0.012 r=0.088  [串口发送] l:0.012,r:0.088
[INFO] [1782463917.922482]: [bridge] tick #553: ltick=336575, rtick=205302
[INFO] [1782463917.998451]: [bridge] cmd #489: v=0.050 ω=0.308 → l=0.011 r=0.089  [串口发送] l:0.011,r:0.089
[INFO] [1782463918.970686]: [bridge] tick #560: ltick=350228, rtick=219168
[INFO] [1782463919.097991]: [bridge] cmd #500: v=0.050 ω=0.236 → l=0.020 r=0.080  [串口发送] l:0.020,r:0.080
[INFO] [1782463919.297488]: [bridge] ω 已被限制: 0.372 → 0.320 (防单轮停转)
[INFO] [1782463920.020567]: [bridge] tick #567: ltick=363484, rtick=229867
[INFO] [1782463920.098427]: [bridge] cmd #529: v=0.050 ω=-0.011 → l=0.051 r=0.049  [串口发送] l:0.051,r:0.049
[INFO] [1782463921.078378]: [bridge] tick #574: ltick=380057, rtick=225879
[INFO] [1782463921.098645]: [bridge] cmd #589: v=0.050 ω=-0.003 → l=0.050 r=0.050  [串口发送] l:0.050,r:0.050
[INFO] [1782463922.116834]: [bridge] cmd #650: v=0.000 ω=-0.600 → l=0.075 r=-0.075  [串口发送] l:0.075,r:-0.075
[INFO] [1782463922.121987]: [bridge] tick #581: ltick=397406, rtick=220118
[INFO] [1782463923.136958]: [bridge] cmd #711: v=0.000 ω=-0.600 → l=0.075 r=-0.075  [串口发送] l:0.075,r:-0.075
[INFO] [1782463923.178592]: [bridge] tick #588: ltick=415317, rtick=211155
[INFO] [1782463924.221590]: [bridge] tick #595: ltick=418515, rtick=209940
[INFO] [1782463925.271517]: [bridge] tick #602: ltick=419967, rtick=209940
[INFO] [1782463926.321568]: [bridge] tick #609: ltick=420985, rtick=209940
[INFO] [1782463927.373210]: [bridge] tick #616: ltick=421786, rtick=209940
[INFO] [1782463928.414210]: [bridge] cmd #718: v=0.000 ω=0.000 → l=0.000 r=0.000  [串口发送] l:0.000,r:0.000
[INFO] [1782463928.428344]: [bridge] tick #623: ltick=422516, rtick=209940
[INFO] [1782463929.473623]: [bridge] tick #630: ltick=423049, rtick=209940
[INFO] [1782463930.523554]: [bridge] tick #637: ltick=423319, rtick=209940
[INFO] [1782463931.573611]: [bridge] tick #644: ltick=423358, rtick=209940
[INFO] [1782463932.623668]: [bridge] tick #651: ltick=423358, rtick=209940
[INFO] [1782463933.362770]: [bridge] cmd #720: v=0.000 ω=0.600 → l=-0.075 r=0.075  [串口发送] l:-0.075,r:0.075
[INFO] [1782463933.679805]: [bridge] tick #658: ltick=422817, rtick=211142
[INFO] [1782463934.382614]: [bridge] cmd #771: v=0.000 ω=0.600 → l=-0.075 r=0.075  [串口发送] l:-0.075,r:0.075
[INFO] [1782463934.733226]: [bridge] tick #665: ltick=417563, rtick=218357
[INFO] [1782463935.402040]: [bridge] cmd #822: v=0.000 ω=0.600 → l=-0.075 r=0.075  [串口发送] l:-0.075,r:0.075
[INFO] [1782463935.775759]: [bridge] tick #672: ltick=409428, rtick=227600
[INFO] [1782463936.421765]: [bridge] cmd #873: v=0.000 ω=0.600 → l=-0.075 r=0.075  [串口发送] l:-0.075,r:0.075
[INFO] [1782463936.823849]: [bridge] tick #679: ltick=398018, rtick=239127
[INFO] [1782463937.441375]: [bridge] cmd #924: v=0.000 ω=0.600 → l=-0.075 r=0.075  [串口发送] l:-0.075,r:0.075
[INFO] [1782463937.876752]: [bridge] tick #686: ltick=384397, rtick=252881
[INFO] [1782463938.441727]: [bridge] cmd #974: v=0.000 ω=0.600 → l=-0.075 r=0.075  [串口发送] l:-0.075,r:0.075
[INFO] [1782463938.923755]: [bridge] tick #693: ltick=368934, rtick=268236
[INFO] [1782463939.446839]: [bridge] cmd #1005: v=0.050 ω=-0.204 → l=0.075 r=0.025  [串口发送] l:0.075,r:0.025
[INFO] [1782463939.973605]: [bridge] tick #700: ltick=372161, rtick=277973
[INFO] [1782463940.447711]: [bridge] cmd #1015: v=0.050 ω=-0.273 → l=0.084 r=0.016  [串口发送] l:0.084,r:0.016
[INFO] [1782463941.021952]: [bridge] tick #707: ltick=380691, rtick=287648
[INFO] [1782463941.247175]: [bridge] ω 已被限制: -0.334 → -0.320 (防单轮停转)
[INFO] [1782463941.546893]: [bridge] cmd #1026: v=0.050 ω=-0.320 → l=0.090 r=0.010  [串口发送] l:0.090,r:0.010
[INFO] [1782463942.070889]: [bridge] tick #714: ltick=393114, rtick=295732
[INFO] [1782463942.546922]: [bridge] cmd #1036: v=0.050 ω=-0.010 → l=0.051 r=0.049  [串口发送] l:0.051,r:0.049
[INFO] [1782463943.124063]: [bridge] tick #721: ltick=405777, rtick=305137
[INFO] [1782463943.548160]: [bridge] cmd #1046: v=0.050 ω=0.062 → l=0.042 r=0.058  [串口发送] l:0.042,r:0.058
[INFO] [1782463944.172830]: [bridge] tick #728: ltick=416832, rtick=317056
[INFO] [1782463944.346478]: [bridge] ω 已被限制: 0.365 → 0.320 (防单轮停转)
[INFO] [1782463944.647428]: [bridge] cmd #1057: v=0.050 ω=0.320 → l=0.010 r=0.090  [串口发送] l:0.010,r:0.090
[INFO] [1782463945.221403]: [bridge] tick #735: ltick=425067, rtick=332929
[INFO] [1782463945.648301]: [bridge] cmd #1067: v=0.050 ω=-0.196 → l=0.075 r=0.025  [串口发送] l:0.075,r:0.025
[INFO] [1782463945.847906]: [bridge] ω 已被限制: -0.334 → -0.320 (防单轮停转)
[INFO] [1782463946.275072]: [bridge] tick #742: ltick=437694, rtick=345468
[INFO] [1782463946.746639]: [bridge] cmd #1078: v=0.050 ω=-0.244 → l=0.080 r=0.020  [串口发送] l:0.080,r:0.020
[INFO] [1782463947.324113]: [bridge] tick #749: ltick=453129, rtick=355903
[INFO] [1782463947.847083]: [bridge] cmd #1089: v=0.050 ω=0.038 → l=0.045 r=0.055  [串口发送] l:0.045,r:0.055
[INFO] [1782463948.372518]: [bridge] tick #756: ltick=466469, rtick=368773
[INFO] [1782463948.850595]: [bridge] cmd #1099: v=0.050 ω=0.023 → l=0.047 r=0.053  [串口发送] l:0.047,r:0.053
[INFO] [1782463949.420832]: [bridge] tick #763: ltick=479870, rtick=381840
[INFO] [1782463949.948370]: [bridge] cmd #1110: v=0.050 ω=-0.065 → l=0.058 r=0.042  [串口发送] l:0.058,r:0.042
[INFO] [1782463950.474307]: [bridge] tick #770: ltick=493914, rtick=394360
[INFO] [1782463951.521036]: [bridge] tick #777: ltick=495662, rtick=395801
[INFO] [1782463952.571131]: [bridge] tick #784: ltick=495662, rtick=395876
[INFO] [1782463953.621381]: [bridge] tick #791: ltick=495662, rtick=395877
[INFO] [1782463954.671226]: [bridge] tick #798: ltick=495662, rtick=395877
[INFO] [1782463955.721242]: [bridge] tick #805: ltick=495662, rtick=395877
[INFO] [1782463956.771533]: [bridge] tick #812: ltick=495662, rtick=395877
[INFO] [1782463957.821487]: [bridge] tick #819: ltick=495662, rtick=395877
[INFO] [1782463958.441468]: [bridge] 串口已关闭
