=== build_map.sh 启动 ===
日志目录: /home/lcy/robot_graduation/gazebo_create/log
2026年 06月 24日 星期三 18:45:33 CST
[1] 加载 robot_description...
sim_env 路径: /home/lcy/robot_graduation/ros_motion_planning/src/sim_env
mesh 正常: /home/lcy/robot_graduation/ros_motion_planning/src/sim_env/urdf/my_car/meshes/base_link.STL
mesh 目录内容:
base_link.STL
base_scan.STL
left_wheel_front_link.STL
left_wheel_rear_link.STL
right_wheel_front_link.STL
right_wheel_rear_link.STL
robot_description 已加载
robot_state_publisher PID=149028
[2] 启动 Gazebo...
gzserver PID=149074
Gazebo 就绪（第 1 秒）
gzclient PID=149113
[3] spawn_model...
spawn_model exit=0
=== Gazebo 模型列表 ===
sim_time: 5.701
model_names: 
  - ground_plane
  - walls
  - walls_seven
[4] 启动 gazebo_mapper.py...
mapper PID=149543
[5] 启动 gmapping...
gmapping PID=149624
[6] 启动 RViz...
rviz PID=149715

=== 全部启动完毕 ===
查看日志: cat /home/lcy/robot_graduation/gazebo_create/log/build.log
查看 spawn 日志: cat /home/lcy/robot_graduation/gazebo_create/log/spawn.log
查看 gzserver 日志: cat /home/lcy/robot_graduation/gazebo_create/log/gzserver.log
查看 mapper 日志: cat /home/lcy/robot_graduation/gazebo_create/log/mapper.log
