[0m[INFO] [1782303494.582727696, 20.170000000]: Laser is mounted upwards.[0m
 -maxUrange 3.49 -maxUrange 3.49 -sigma     0.05 -kernelSize 1 -lstep 0.05 -lobsGain 3 -astep 0.05
 -srr 0.1 -srt 0.2 -str 0.1 -stt 0.2
 -linearUpdate 1 -angularUpdate 0.5 -resampleThreshold 0.5
 -xmin -100 -xmax 100 -ymin -100 -ymax 100 -delta 0.05 -particles 30
[0m[INFO] [1782303494.600641167, 20.184000000]: Initialization complete[0m
update frame 0
update ld=0 ad=0
Laser Pose= -0.0760007 0.000740279 1.57079
m_count 0
Registering First Scan
update frame 146
update ld=1.0082 ad=0
Laser Pose= -0.847801 0.000742327 1.57079
m_count 1
Average Scan Matching Score=280.925
neff= 29.9231
Registering Scans:Done
update frame 250
update ld=0.810442 ad=0.556
Laser Pose= -1.57915 -0.159053 2.12679
m_count 2
Average Scan Matching Score=137.659
neff= 11.9556
*************RESAMPLE***************
Deleting Nodes: 0 2 3 5 6 7 8 9 10 11 14 15 17 18 19 21 28 29 Done
Deleting old particles...Done
Copying Particles and  Registering  scans... Done
update frame 270
update ld=0.360748 ad=0.5995
Laser Pose= -1.61038 -0.289787 2.72629
m_count 3
Average Scan Matching Score=174.038
neff= 5.69739
*************RESAMPLE***************
Deleting Nodes: 0 2 5 6 8 9 10 12 13 14 15 17 22 23 25 26 27 28 29 Done
Deleting old particles...Done
Copying Particles and  Registering  scans... Done
update frame 301
update ld=1.00647 ad=0.3195
Laser Pose= -1.68099 -1.27382 3.04579
m_count 4
Average Scan Matching Score=12.6841
neff= 27.876
Registering Scans:Done
update frame 382
update ld=0.711076 ad=0.5315
Laser Pose= -1.66146 -1.4743 -2.70589
m_count 5
Average Scan Matching Score=106.685
neff= 25.3347
Registering Scans:Done
update frame 395
update ld=0.03985 ad=0.5245
Laser Pose= -1.63102 -1.44927 -2.18139
m_count 6
Average Scan Matching Score=135.764
neff= 9.78474
*************RESAMPLE***************
Deleting Nodes: 0 3 7 9 12 14 16 18 19 21 24 27 29 Done
Deleting old particles...Done
Copying Particles and  Registering  scans... Done
update frame 400
update ld=0.0380243 ad=0.5005
Laser Pose= -1.61741 -1.41417 -1.68089
m_count 7
Average Scan Matching Score=203.904
neff= 7.38235
*************RESAMPLE***************
Deleting Nodes: 1 4 5 6 7 8 10 11 15 16 17 19 20 21 23 26 28 29 Done
Deleting old particles...Done
Copying Particles and  Registering  scans... Done
update frame 406
update ld=0.0455836 ad=0.6
Laser Pose= -1.62546 -1.36998 -1.08089
m_count 8
Average Scan Matching Score=251.143
neff= 15.8065
Registering Scans:Done
update frame 443
update ld=1.0268 ad=0.3185
Laser Pose= -0.947391 -0.625571 -0.762393
m_count 9
Average Scan Matching Score=98.3105
neff= 10.2202
*************RESAMPLE***************
Deleting Nodes: 0 1 8 12 15 16 17 18 19 20 21 22 23 24 25 26 28 29 Done
Deleting old particles...Done
Copying Particles and  Registering  scans... Done
update frame 481
update ld=0.201579 ad=0.5815
Laser Pose= -0.817488 -0.549817 -1.34389
m_count 10
Average Scan Matching Score=174.071
neff= 7.01414
*************RESAMPLE***************
Deleting Nodes: 0 1 2 3 4 5 10 11 13 14 15 16 19 20 22 23 24 27 28 Done
Deleting old particles...Done
Copying Particles and  Registering  scans... Done
update frame 487
update ld=0.0455836 ad=0.6
Laser Pose= -0.821205 -0.594584 -1.94389
m_count 11
Average Scan Matching Score=229.536
neff= 12.8503
*************RESAMPLE***************
Deleting Nodes: 1 3 7 8 10 15 16 18 19 20 23 24 25 26 27 28 29 Done
Deleting old particles...Done
Copying Particles and  Registering  scans... Done
update frame 493
update ld=0.0455836 ad=0.6
Laser Pose= -0.84955 -0.629434 -2.54389
m_count 12
Average Scan Matching Score=158.046
neff= 28.8429
Registering Scans:Done
update frame 499
update ld=0.0455456 ad=0.5995
Laser Pose= -0.892584 -0.642192 3.13979
m_count 13
Average Scan Matching Score=186.74
neff= 7.21913
*************RESAMPLE***************
Deleting Nodes: 0 1 2 3 4 5 6 7 8 10 14 15 16 17 18 20 21 22 24 26 27 29 Done
Deleting old particles...Done
Copying Particles and  Registering  scans... Done
update frame 504
update ld=0.0380243 ad=0.5005
Laser Pose= -0.928946 -0.632449 2.63929
m_count 14
Average Scan Matching Score=207.768
neff= 10.1965
*************RESAMPLE***************
Deleting Nodes: 0 1 2 3 4 5 6 7 12 13 15 16 17 19 20 21 22 26 Done
Deleting old particles...Done
Copying Particles and  Registering  scans... Done
update frame 509
update ld=0.0379863 ad=0.5
Laser Pose= -0.956152 -0.606485 2.13929
m_count 15
Average Scan Matching Score=206.356
neff= 24.2801
Registering Scans:Done
update frame 514
update ld=0.0379863 ad=0.5
Laser Pose= -0.96758 -0.570656 1.63929
m_count 16
Average Scan Matching Score=216.575
neff= 10.1005
*************RESAMPLE***************
Deleting Nodes: 0 2 4 5 6 7 8 9 11 12 16 17 20 23 24 25 26 28 Done
Deleting old particles...Done
Copying Particles and  Registering  scans... Done
update frame 520
update ld=0.0455836 ad=0.6
Laser Pose= -0.956848 -0.527035 1.03929
m_count 17
Average Scan Matching Score=215.389
neff= 13.0098
*************RESAMPLE***************
Deleting Nodes: 0 1 2 3 4 5 10 11 13 14 17 18 19 24 25 26 27 Done
Deleting old particles...Done
Copying Particles and  Registering  scans... Done
update frame 526
update ld=0.0412922 ad=0.5435
Laser Pose= -0.927212 -0.498991 0.495793
m_count 18
Average Scan Matching Score=198.132
neff= 27.7876
Registering Scans:Done
update frame 554
update ld=0.203741 ad=0.526
Laser Pose= -0.965151 -0.361509 -0.0302073
m_count 19
Average Scan Matching Score=211.062
neff= 11.9652
*************RESAMPLE***************
Deleting Nodes: 1 2 4 6 8 9 10 11 14 15 16 17 18 21 24 25 26 28 Done
Deleting old particles...Done
Copying Particles and  Registering  scans... Done
update frame 570
update ld=0.475596 ad=0.5065
Laser Pose= -0.941907 -0.809917 -0.536707
m_count 20
Average Scan Matching Score=148.824
neff= 19.5007
Registering Scans:Done
update frame 600
update ld=1.00338 ad=0.55
Laser Pose= -1.42101 -1.37895 -1.08671
m_count 21
Average Scan Matching Score=199.591
neff= 7.48575
*************RESAMPLE***************
Deleting Nodes: 0 2 3 5 6 8 10 14 15 17 19 20 22 25 28 Done
Deleting old particles...Done
Copying Particles and  Registering  scans... Done
update frame 606
update ld=0.0455836 ad=0.6
Laser Pose= -1.41322 -1.42319 -1.68671
m_count 22
Average Scan Matching Score=211.115
neff= 23.1671
Registering Scans:Done
update frame 621
update ld=0.417203 ad=0.5255
Laser Pose= -1.25774 -1.54416 -2.21221
m_count 23
Average Scan Matching Score=207.678
neff= 13.989
*************RESAMPLE***************
Deleting Nodes: 0 1 5 7 8 11 12 13 15 19 20 21 23 26 Done
Deleting old particles...Done
Copying Particles and  Registering  scans... Done
update frame 626
update ld=0.0379863 ad=0.5
Laser Pose= -1.28722 -1.5675 -2.71221
m_count 24
Average Scan Matching Score=200.292
neff= 4.1193
*************RESAMPLE***************
Deleting Nodes: 2 3 4 6 7 8 10 13 14 15 17 18 19 20 23 26 28 29 Done
Deleting old particles...Done
Copying Particles and  Registering  scans... Done
update frame 631
update ld=0.0379863 ad=0.5
Laser Pose= -1.32429 -1.57385 3.07098
m_count 25
Average Scan Matching Score=186.167
neff= 15.0158
Registering Scans:Done
update frame 636
update ld=0.0379863 ad=0.5
Laser Pose= -1.35987 -1.56165 2.57098
m_count 26
Average Scan Matching Score=190.182
neff= 5.13529
*************RESAMPLE***************
Deleting Nodes: 3 4 5 8 9 10 11 13 14 15 16 17 18 19 21 22 23 24 25 26 28 Done
Deleting old particles...Done
Copying Particles and  Registering  scans... Done
update frame 661
update ld=0.741813 ad=0.5
Laser Pose= -1.74088 -1.85781 2.43398
m_count 27
Average Scan Matching Score=212.786
neff= 6.81227
*************RESAMPLE***************
Deleting Nodes: 0 1 2 4 6 7 9 13 14 15 16 17 18 20 21 22 23 24 26 27 29 Done
Deleting old particles...Done
Copying Particles and  Registering  scans... Done
update frame 666
update ld=0.0379863 ad=0.5
Laser Pose= -1.70731 -1.87476 2.93398
m_count 28
Average Scan Matching Score=223.696
neff= 16.0387
Registering Scans:Done
update frame 671
update ld=0.0379863 ad=0.5
Laser Pose= -1.66972 -1.87353 -2.84921
m_count 29
Average Scan Matching Score=226.423
neff= 13.6224
*************RESAMPLE***************
Deleting Nodes: 0 1 2 3 7 9 10 11 15 24 25 26 27 28 29 Done
Deleting old particles...Done
Copying Particles and  Registering  scans... Done
update frame 676
update ld=0.0379863 ad=0.5
Laser Pose= -1.63732 -1.85443 -2.34921
m_count 30
Average Scan Matching Score=212.577
neff= 24.4067
Registering Scans:Done
update frame 682
update ld=0.0455836 ad=0.6
Laser Pose= -1.61625 -1.81476 -1.74921
m_count 31
Average Scan Matching Score=226.723
neff= 7.3349
*************RESAMPLE***************
Deleting Nodes: 0 1 3 5 6 7 9 10 11 12 14 15 16 17 19 25 26 28 29 Done
Deleting old particles...Done
Copying Particles and  Registering  scans... Done
update frame 688
update ld=0.0455836 ad=0.6
Laser Pose= -1.62127 -1.77012 -1.14921
m_count 32
Average Scan Matching Score=235.17
neff= 5.83422
*************RESAMPLE***************
Deleting Nodes: 0 1 2 3 5 6 7 8 9 11 13 14 15 16 17 20 22 23 26 27 28 Done
Deleting old particles...Done
Copying Particles and  Registering  scans... Done
update frame 694
update ld=0.0455836 ad=0.6
Laser Pose= -1.65061 -1.7361 -0.549207
m_count 33
Average Scan Matching Score=223.392
neff= 13.5086
*************RESAMPLE***************
Deleting Nodes: 1 4 5 12 13 15 18 21 23 26 27 Done
Deleting old particles...Done
Copying Particles and  Registering  scans... Done
update frame 700
update ld=0.0455836 ad=0.6
Laser Pose= -1.69404 -1.7246 0.0507927
m_count 34
Average Scan Matching Score=209.25
neff= 15.0545
Registering Scans:Done
update frame 706
update ld=0.0455836 ad=0.6
Laser Pose= -1.73637 -1.73963 0.650793
m_count 35
Average Scan Matching Score=242.62
neff= 10.5003
*************RESAMPLE***************
Deleting Nodes: 1 3 5 7 8 10 11 12 13 15 16 18 19 20 21 Done
Deleting old particles...Done
Copying Particles and  Registering  scans... Done
