Exception in thread Thread-5:
Traceback (most recent call last):
  File "/usr/lib/python3.8/threading.py", line 932, in _bootstrap_inner
    self.run()
  File "/opt/ros/noetic/lib/python3/dist-packages/rospy/timer.py", line 237, in run
    self._callback(TimerEvent(last_expected, last_real, current_expected, current_real, last_duration))
  File "/home/lcy/robot_graduation/ros_motion_planning/src/encoder_tools/scripts/encoder_odom.py", line 166, in timer_cb
    self._pub_odom(now, self.latest_v, self.latest_omega)
  File "/home/lcy/robot_graduation/ros_motion_planning/src/encoder_tools/scripts/encoder_odom.py", line 187, in _pub_odom
    self.odom_pub.publish(odom)
  File "/opt/ros/noetic/lib/python3/dist-packages/rospy/topics.py", line 882, in publish
    self.impl.publish(data)
  File "/opt/ros/noetic/lib/python3/dist-packages/rospy/topics.py", line 1041, in publish
    raise ROSException("publish() to a closed topic")
rospy.exceptions.ROSException: publish() to a closed topic
[INFO] [1782362801.818568]: === encoder_odom 参数 ===
[INFO] [1782362801.821561]: wheel_radius    = 0.1065
[INFO] [1782362801.823489]: wheel_base      = 0.50225
[INFO] [1782362801.825144]: pluse           = 0.002061
[INFO] [1782362801.827088]: dist_per_tick   = 0.00000383 m
[INFO] [1782362801.829004]: ========================
[INFO] [1782362801.851426]: encoder_odom 已启动，等待 /wheel_ticks ...
[INFO] [1782362801.855525]: 提示: 确保 read_uart.py 也在运行，否则收不到编码器数据
[INFO] [1782362809.567994]: 收到第一条编码器数据: ltick=0, rtick=0
[INFO] [1782362809.571518]: 里程计开始计算...
[INFO] [1782362809.721167]: 编码器: ltick=0 rtick=0 Δl=0 Δr=0 d_left=0.0000m d_right=0.0000m
[INFO] [1782362809.724535]: 里程计: x=0.000 y=0.000 θ=0.000 v=0.000m/s ω=0.000rad/s
[INFO] [1782362809.727722]: 已发布 /odom: pose=(0.00, 0.00, 0.00)
[INFO] [1782362811.752511]: 已发布 /odom: pose=(0.00, 0.00, 0.00)
[INFO] [1782362811.819705]: 编码器: ltick=0 rtick=0 Δl=0 Δr=0 d_left=0.0000m d_right=0.0000m
[INFO] [1782362811.823049]: 里程计: x=0.000 y=0.000 θ=0.000 v=0.000m/s ω=0.000rad/s
[INFO] [1782362813.770441]: 已发布 /odom: pose=(0.00, 0.00, 0.00)
[INFO] [1782362813.924073]: 编码器: ltick=0 rtick=0 Δl=0 Δr=0 d_left=0.0000m d_right=0.0000m
[INFO] [1782362813.927300]: 里程计: x=0.000 y=0.000 θ=0.000 v=0.000m/s ω=0.000rad/s
[INFO] [1782362815.852121]: 已发布 /odom: pose=(0.00, 0.00, 0.00)
[INFO] [1782362816.021714]: 编码器: ltick=0 rtick=0 Δl=0 Δr=0 d_left=0.0000m d_right=0.0000m
[INFO] [1782362816.025563]: 里程计: x=0.000 y=0.000 θ=0.000 v=0.000m/s ω=0.000rad/s
[INFO] [1782362817.852101]: 已发布 /odom: pose=(0.03, -0.00, -0.07)
[INFO] [1782362818.120558]: 编码器: ltick=15163 rtick=3279 Δl=1991 Δr=394 d_left=0.0076m d_right=0.0015m
[INFO] [1782362818.123806]: 里程计: x=0.035 y=-0.002 θ=-0.091 v=0.030m/s ω=-0.081rad/s
[INFO] [1782362819.852659]: 已发布 /odom: pose=(0.09, -0.01, -0.25)
[INFO] [1782362820.224778]: 编码器: ltick=48159 rtick=8646 Δl=2671 Δr=398 d_left=0.0102m d_right=0.0015m
[INFO] [1782362820.228255]: 里程计: x=0.107 y=-0.016 θ=-0.301 v=0.039m/s ω=-0.115rad/s
[INFO] [1782362821.874052]: 已发布 /odom: pose=(0.17, -0.04, -0.50)
[INFO] [1782362822.320688]: 编码器: ltick=88020 rtick=14179 Δl=3006 Δr=405 d_left=0.0115m d_right=0.0016m
[INFO] [1782362822.324770]: 里程计: x=0.186 y=-0.053 θ=-0.563 v=0.045m/s ω=-0.136rad/s
[INFO] [1782362823.952335]: 已发布 /odom: pose=(0.24, -0.09, -0.77)
[INFO] [1782362824.422409]: 编码器: ltick=131587 rtick=19466 Δl=3185 Δr=322 d_left=0.0122m d_right=0.0012m
[INFO] [1782362824.425514]: 里程计: x=0.256 y=-0.115 θ=-0.855 v=0.045m/s ω=-0.146rad/s
[INFO] [1782362825.952466]: 已发布 /odom: pose=(0.29, -0.17, -1.07)
[INFO] [1782362826.525050]: 编码器: ltick=177397 rtick=24726 Δl=3319 Δr=352 d_left=0.0127m d_right=0.0013m
[INFO] [1782362826.528894]: 里程计: x=0.307 y=-0.198 θ=-1.164 v=0.047m/s ω=-0.151rad/s
[INFO] [1782362827.953649]: 已发布 /odom: pose=(0.33, -0.26, -1.37)
[INFO] [1782362828.622760]: 编码器: ltick=224585 rtick=30240 Δl=3419 Δr=445 d_left=0.0131m d_right=0.0017m
[INFO] [1782362828.626930]: 里程计: x=0.330 y=-0.296 θ=-1.482 v=0.049m/s ω=-0.151rad/s
[INFO] [1782362829.977481]: 已发布 /odom: pose=(0.33, -0.36, -1.69)
[INFO] [1782362830.725004]: 编码器: ltick=272750 rtick=35673 Δl=3446 Δr=364 d_left=0.0132m d_right=0.0014m
[INFO] [1782362830.728680]: 里程计: x=0.321 y=-0.397 θ=-1.808 v=0.049m/s ω=-0.157rad/s
[INFO] [1782362832.052181]: 已发布 /odom: pose=(0.30, -0.45, -2.00)
[INFO] [1782362834.052480]: 已发布 /odom: pose=(0.29, -0.48, -2.09)
[INFO] [1782362836.152256]: 已发布 /odom: pose=(0.29, -0.48, -2.09)
