[INFO] [1782362799.729016]: [bridge] 串口已打开: /dev/ttyTHS0 @ 57600 (raw mode)
[INFO] [1782362799.737051]: [bridge] serial_bridge 已启动 (读+写合并)
[INFO] [1782362799.739246]: [bridge] wheel_base=0.5022, wheel_radius=0.1065
[INFO] [1782362807.027916]: [bridge] cmd #1: v=0.000 ω=0.000 → l=0.000 r=0.000  [串口发送] l:0.000,r:0.000
[INFO] [1782362809.567961]: [bridge] tick #1: ltick=0, rtick=0
[INFO] [1782362810.621109]: [bridge] tick #8: ltick=0, rtick=0
[INFO] [1782362811.671271]: [bridge] tick #15: ltick=0, rtick=0
[INFO] [1782362812.722974]: [bridge] tick #22: ltick=0, rtick=0
[INFO] [1782362813.769640]: [bridge] tick #29: ltick=0, rtick=0
[INFO] [1782362814.821328]: [bridge] tick #36: ltick=0, rtick=0
[INFO] [1782362815.873091]: [bridge] tick #43: ltick=0, rtick=0
[INFO] [1782362816.844885]: [bridge] ω 已被限制: -0.200 → -0.159 (防单轮停转)
[INFO] [1782362816.848144]: [bridge] cmd #2: v=0.050 ω=-0.159 → l=0.090 r=0.010  [串口发送] l:0.090,r:0.010
[INFO] [1782362816.921318]: [bridge] tick #50: ltick=405, rtick=126
[INFO] [1782362817.933598]: [bridge] ω 已被限制: -0.377 → -0.159 (防单轮停转)
[INFO] [1782362817.937047]: [bridge] cmd #13: v=0.050 ω=-0.159 → l=0.090 r=0.010  [串口发送] l:0.090,r:0.010
[INFO] [1782362817.969873]: [bridge] tick #57: ltick=13172, rtick=2885
[INFO] [1782362818.934874]: [bridge] ω 已被限制: -0.391 → -0.159 (防单轮停转)
[INFO] [1782362818.937200]: [bridge] cmd #23: v=0.050 ω=-0.159 → l=0.090 r=0.010  [串口发送] l:0.090,r:0.010
[INFO] [1782362819.023950]: [bridge] tick #64: ltick=28185, rtick=5586
[INFO] [1782362819.945434]: [bridge] ω 已被限制: -0.411 → -0.159 (防单轮停转)
[INFO] [1782362819.948433]: [bridge] cmd #33: v=0.050 ω=-0.159 → l=0.090 r=0.010  [串口发送] l:0.090,r:0.010
[INFO] [1782362820.073754]: [bridge] tick #71: ltick=45488, rtick=8248
[INFO] [1782362821.034375]: [bridge] ω 已被限制: -0.422 → -0.159 (防单轮停转)
[INFO] [1782362821.036941]: [bridge] cmd #44: v=0.050 ω=-0.159 → l=0.090 r=0.010  [串口发送] l:0.090,r:0.010
[INFO] [1782362821.123518]: [bridge] tick #78: ltick=64614, rtick=11149
[INFO] [1782362822.133572]: [bridge] ω 已被限制: -0.430 → -0.159 (防单轮停转)
[INFO] [1782362822.136094]: [bridge] cmd #55: v=0.050 ω=-0.159 → l=0.090 r=0.010  [串口发送] l:0.090,r:0.010
[INFO] [1782362822.174646]: [bridge] tick #85: ltick=85014, rtick=13774
[INFO] [1782362823.224123]: [bridge] tick #92: ltick=106362, rtick=16408
[INFO] [1782362824.272395]: [bridge] tick #99: ltick=128402, rtick=19144
[INFO] [1782362825.320979]: [bridge] tick #106: ltick=150933, rtick=21711
[INFO] [1782362826.375201]: [bridge] tick #113: ltick=174078, rtick=24374
[INFO] [1782362827.423426]: [bridge] tick #120: ltick=197563, rtick=27110
[INFO] [1782362828.472149]: [bridge] tick #127: ltick=221166, rtick=29795
[INFO] [1782362829.521202]: [bridge] tick #134: ltick=245185, rtick=32531
[INFO] [1782362830.574897]: [bridge] tick #141: ltick=269304, rtick=35309
[INFO] [1782362831.623343]: [bridge] tick #148: ltick=293484, rtick=38041
[INFO] [1782362835.027397]: [bridge] cmd #57: v=0.000 ω=0.000 → l=0.000 r=0.000  [串口发送] l:0.000,r:0.000
[INFO] [1782362836.932301]: [bridge] 串口已关闭
